#
# A fatal error has been detected by the Java Runtime Environment:
#
#  SIGSEGV (0xb) at pc=0x00007f2e55ab4492, pid=84341, tid=84457
#
# JRE version: OpenJDK Runtime Environment (14.0.2+12) (build 14.0.2+12-46)
# Java VM: OpenJDK 64-Bit Server VM (14.0.2+12-46, mixed mode, sharing, tiered, compressed oops, g1 gc, linux-amd64)
# Problematic frame:
# J 8274 c1 java.nio.channels.spi.AbstractSelectableChannel.isBlocking()Z java.base@14.0.2 (13 bytes) @ 0x00007f2e55ab4492 [0x00007f2e55ab4420+0x0000000000000072]
#
# Core dump will be written. Default location: Core dumps may be processed with "/usr/share/apport/apport %p %s %c %d %P %E" (or dumping to /mnt/Dados/html/java/zprint/core.84341)
#
# If you would like to submit a bug report, please visit:
#   https://bugreport.java.com/bugreport/crash.jsp
#

---------------  S U M M A R Y ------------

Command Line: -agentlib:jdwp=transport=dt_socket,address=127.0.0.1:33787,suspend=y,server=n -XX:TieredStopAtLevel=1 -Xverify:none -Dspring.output.ansi.enabled=always -Dcom.sun.management.jmxremote -Dspring.jmx.enabled=true -Dspring.liveBeansView.mbeanDomain -Dspring.application.admin.enabled=true -javaagent:/snap/intellij-idea-ultimate/248/plugins/java/lib/rt/debugger-agent.jar -Dfile.encoding=UTF-8 br.zprint.BrZprintApplication

Host: Intel(R) Core(TM) i7-2700K CPU @ 3.50GHz, 8 cores, 31G, Ubuntu 20.04.1 LTS
Time: Tue Sep 15 20:03:26 2020 -03 elapsed time: 779 seconds (0d 0h 12m 59s)

---------------  T H R E A D  ---------------

Current thread (0x00007f2dcd431800):  JavaThread "http-nio-8080-exec-10" daemon [_thread_in_Java, id=84457, stack(0x00007f2d77cfd000,0x00007f2d77dfe000)]

Stack: [0x00007f2d77cfd000,0x00007f2d77dfe000],  sp=0x00007f2d77dfc248,  free space=1020k
Native frames: (J=compiled Java code, A=aot compiled Java code, j=interpreted, Vv=VM code, C=native code)
J 8274 c1 java.nio.channels.spi.AbstractSelectableChannel.isBlocking()Z java.base@14.0.2 (13 bytes) @ 0x00007f2e55ab4492 [0x00007f2e55ab4420+0x0000000000000072]

[error occurred during error reporting (printing native stack), id 0xb, SIGSEGV (0xb) at pc=0x00007f2e70e8902e]


siginfo: si_signo: 11 (SIGSEGV), si_code: 128 (SI_KERNEL), si_addr: 0x0000000000000000

Register to memory mapping:

RAX=0x0 is NULL
RBX={method} {0x00007f2de0ed3de0} 'isBlocking' '()Z' in 'java/nio/channels/spi/AbstractSelectableChannel'
RCX=0x000000061cf965b0 is an oop: sun.nio.ch.SocketChannelImpl 
{0x000000061cf965b0} - klass: 'sun/nio/ch/SocketChannelImpl'
RDX=0x0000000010500001 is an unknown value
RSP=0x00007f2d77dfc248 is pointing into the stack for thread: 0x00007f2dcd431800
RBP=0x00007f2d77dfc2b0 is pointing into the stack for thread: 0x00007f2dcd431800
RSI=0x000000061cf965b0 is an oop: sun.nio.ch.SocketChannelImpl 
{0x000000061cf965b0} - klass: 'sun/nio/ch/SocketChannelImpl'
RDI=0x0 is NULL
R8 =0x0 is NULL
R9 =0x000000060bc1adbc is pointing into object: java.util.concurrent.atomic.AtomicInteger 
{0x000000060bc1adb0} - klass: 'java/util/concurrent/atomic/AtomicInteger'
R10=0x70614d6b63617453 is an unknown value
R11=0x00007f2e55ab4460 is at entry_point+64 in (nmethod*)0x00007f2e55ab4290
R12=0x0 is NULL
R13=0x00007f2d77dfc260 is pointing into the stack for thread: 0x00007f2dcd431800
R14=0x00007f2d77dfc300 is pointing into the stack for thread: 0x00007f2dcd431800
R15=0x00007f2dcd431800 is a thread


Registers:
RAX=0x0000000000000000, RBX=0x00007f2de0ed3de0, RCX=0x000000061cf965b0, RDX=0x0000000010500001
RSP=0x00007f2d77dfc248, RBP=0x00007f2d77dfc2b0, RSI=0x000000061cf965b0, RDI=0x0000000000000000
R8 =0x0000000000000000, R9 =0x000000060bc1adbc, R10=0x70614d6b63617453, R11=0x00007f2e55ab4460
R12=0x0000000000000000, R13=0x00007f2d77dfc260, R14=0x00007f2d77dfc300, R15=0x00007f2dcd431800
RIP=0x00007f2e55ab4492, EFLAGS=0x0000000000010202, CSGSFS=0x002b000000000033, ERR=0x0000000000000000
  TRAPNO=0x000000000000000d

Top of Stack: (sp=0x00007f2d77dfc248)
0x00007f2d77dfc248:   00007f2e546dfa06 0000000000000000
0x00007f2d77dfc258:   00007f2e546dfa06 000000061cf965b0
0x00007f2d77dfc268:   00007f2d77dfc268 00007f2de094e51d
0x00007f2d77dfc278:   00007f2d77dfc300 00007f2de0963f80 

Instructions: (pc=0x00007f2e55ab4492)
0x00007f2e55ab4392:   00 00 80 02 00 00 00 00 00 00 90 02 00 00 b0 02
0x00007f2e55ab43a2:   00 00 b8 02 00 00 b8 02 00 00 b8 02 00 00 b8 02
0x00007f2e55ab43b2:   00 00 b8 02 00 00 20 00 00 00 52 20 00 00 01 00
0x00007f2e55ab43c2:   00 00 00 00 00 00 02 00 00 00 00 00 00 00 00 00
0x00007f2e55ab43d2:   00 00 00 00 00 00 e0 01 00 00 06 00 00 00 ff ff
0x00007f2e55ab43e2:   ff ff ff ff ff ff 1b 60 57 b0 34 64 1a 00 00 64
0x00007f2e55ab43f2:   03 f8 5f 71 96 de 2e 7f 05 70 0e 64 01 f8 9e ff
0x00007f2e55ab4402:   06 90 0c 64 00 00 00 00 00 00 00 00 00 00 00 00
0x00007f2e55ab4412:   00 00 00 00 00 00 00 00 00 00 00 00 00 00 44 8b
0x00007f2e55ab4422:   56 08 49 c1 e2 03 49 bc 00 00 00 00 08 00 00 00
0x00007f2e55ab4432:   4d 03 d4 4d 33 e4 4c 3b d0 0f 85 bf b8 c6 fe 66
0x00007f2e55ab4442:   66 66 0f 1f 84 00 00 00 00 00 66 66 66 90 66 66
0x00007f2e55ab4452:   66 0f 1f 84 00 00 00 00 00 66 66 66 90 90 89 84
0x00007f2e55ab4462:   24 00 c0 fe ff 55 48 83 ec 30 0f be 46 20 83 f8
0x00007f2e55ab4472:   00 b8 00 00 00 00 0f 85 05 00 00 00 b8 01 00 00
0x00007f2e55ab4482:   00 83 e0 01 48 83 c4 30 5d 4d 8b 97 10 21 00 00
0x00007f2e55ab4492:   41 85 02 c3 90 90 49 8b 87 e8 03 00 00 49 ba 00
0x00007f2e55ab44a2:   00 00 00 00 00 00 00 4d 89 97 e8 03 00 00 49 ba
0x00007f2e55ab44b2:   00 00 00 00 00 00 00 00 4d 89 97 f0 03 00 00 48
0x00007f2e55ab44c2:   83 c4 30 5d e9 b5 66 d2 fe f4 f4 f4 f4 f4 f4 f4
0x00007f2e55ab44d2:   f4 f4 f4 f4 f4 f4 f4 f4 f4 f4 f4 f4 f4 f4 e8 9b
0x00007f2e55ab44e2:   93 d2 fe 48 bf 96 de 5f 71 2e 7f 00 00 48 83 e4
0x00007f2e55ab44f2:   f0 e8 18 79 79 1b f4 49 ba f9 44 ab 55 2e 7f 00
0x00007f2e55ab4502:   00 41 52 e9 96 9b c6 fe f4 f4 f4 f4 f4 f4 e0 3d
0x00007f2e55ab4512:   ed e0 2d 7f 00 00 ff 00 00 00 00 00 00 00 ff ff
0x00007f2e55ab4522:   ff ff 00 00 00 00 00 00 00 00 00 00 00 00 f1 00
0x00007f2e55ab4532:   00 00 00 00 00 00 00 00 00 00 00 00 00 00 01 01
0x00007f2e55ab4542:   00 00 00 00 00 00 00 00 00 00 00 00 00 00 00 00
0x00007f2e55ab4552:   00 00 00 00 00 00 00 00 00 00 00 00 00 00 00 00
0x00007f2e55ab4562:   00 00 00 00 00 00 00 00 00 00 00 00 00 00 00 00
0x00007f2e55ab4572:   00 00 00 00 00 00 00 00 00 00 00 00 00 00 0e 00
0x00007f2e55ab4582:   00 00 00 00 00 00 01 00 00 00 00 00 00 00 18 5d 


Stack slot to memory mapping:
stack at sp + 0 slots: 0x00007f2e546dfa06 is at code_begin+646 in an Interpreter codelet
invoke return entry points  [0x00007f2e546df780, 0x00007f2e546e12a0]  6944 bytes
stack at sp + 1 slots: 0x0 is NULL
stack at sp + 2 slots: 0x00007f2e546dfa06 is at code_begin+646 in an Interpreter codelet
invoke return entry points  [0x00007f2e546df780, 0x00007f2e546e12a0]  6944 bytes
stack at sp + 3 slots: 0x000000061cf965b0 is an oop: sun.nio.ch.SocketChannelImpl 
{0x000000061cf965b0} - klass: 'sun/nio/ch/SocketChannelImpl'
stack at sp + 4 slots: 0x00007f2d77dfc268 is pointing into the stack for thread: 0x00007f2dcd431800
stack at sp + 5 slots: 0x00007f2de094e51d is pointing into metadata
stack at sp + 6 slots: 0x00007f2d77dfc300 is pointing into the stack for thread: 0x00007f2dcd431800
stack at sp + 7 slots: 0x00007f2de0963f80 is pointing into metadata

--------------------------------------------------------------------------------
[Constant Pool (empty)]

--------------------------------------------------------------------------------

[MachCode]
  0x00007f2e55ab4420: 448b 5608 | 49c1 e203 | 49bc 0000 | 0000 0800 | 0000 4d03 | d44d 33e4 | 4c3b d00f | 85bf b8c6 
  0x00007f2e55ab4440: fe66 6666 | 0f1f 8400 | 0000 0000 | 6666 6690 | 6666 660f | 1f84 0000 | 0000 0066 | 6666 9090 
  0x00007f2e55ab4460: 8984 2400 | c0fe ff55 | 4883 ec30 | 0fbe 4620 | 83f8 00b8 | 0000 0000 | 0f85 0500 | 0000 b801 
  0x00007f2e55ab4480: 0000 0083 | e001 4883 | c430 5d4d | 8b97 1021 | 0000 4185 | 02c3 9090 | 498b 87e8 | 0300 0049 
  0x00007f2e55ab44a0: ba00 0000 | 0000 0000 | 004d 8997 | e803 0000 | 49ba 0000 | 0000 0000 | 0000 4d89 | 97f0 0300 
  0x00007f2e55ab44c0: 0048 83c4 | 305d e9b5 | 66d2 fef4 | f4f4 f4f4 | f4f4 f4f4 | f4f4 f4f4 | f4f4 f4f4 | f4f4 f4f4 
  0x00007f2e55ab44e0: e89b 93d2 | fe48 bf96 | de5f 712e | 7f00 0048 | 83e4 f0e8 | 1879 791b | f449 baf9 | 44ab 552e 
  0x00007f2e55ab4500: 7f00 0041 | 52e9 969b | c6fe f4f4 | f4f4 f4f4 
[/MachCode]
--------------------------------------------------------------------------------


---------------  P R O C E S S  ---------------

Threads class SMR info:
_java_thread_list=0x00007f2e6c88fef0, length=35, elements={
0x00007f2e6c2a0000, 0x00007f2e6c2a2000, 0x00007f2e6c2a8800, 0x00007f2e6c2aa800,
0x00007f2e6c2ac800, 0x00007f2e6c2ae800, 0x00007f2e6c2cc000, 0x00007f2e6c318800,
0x00007f2e6c31c800, 0x00007f2e08001000, 0x00007f2e6c66e000, 0x00007f2e6c751800,
0x00007f2e14001000, 0x00007f2dc4020000, 0x00007f2dcca28000, 0x00007f2db0002800,
0x00007f2dcca2b000, 0x00007f2dcc81e000, 0x00007f2dcc814000, 0x00007f2dccfce800,
0x00007f2dcd40e000, 0x00007f2dcd41f800, 0x00007f2dcd421800, 0x00007f2dcd423000,
0x00007f2dcd424800, 0x00007f2dcd426000, 0x00007f2dcd428000, 0x00007f2dcd42a000,
0x00007f2dcd42c000, 0x00007f2dcd42e000, 0x00007f2dcd42f800, 0x00007f2dcd431800,
0x00007f2dcd438000, 0x00007f2dcd43a800, 0x00007f2e6c02d800
}

Java Threads: ( => current thread )
  0x00007f2e6c2a0000 JavaThread "Reference Handler" daemon [_thread_blocked, id=84359, stack(0x00007f2e31eff000,0x00007f2e32000000)]
  0x00007f2e6c2a2000 JavaThread "Finalizer" daemon [_thread_blocked, id=84360, stack(0x00007f2e31dfe000,0x00007f2e31eff000)]
  0x00007f2e6c2a8800 JavaThread "Signal Dispatcher" daemon [_thread_blocked, id=84361, stack(0x00007f2e30f1f000,0x00007f2e31020000)]
  0x00007f2e6c2aa800 JavaThread "Service Thread" daemon [_thread_blocked, id=84362, stack(0x00007f2e30e1e000,0x00007f2e30f1f000)]
  0x00007f2e6c2ac800 JavaThread "C1 CompilerThread0" daemon [_thread_blocked, id=84363, stack(0x00007f2e30d1d000,0x00007f2e30e1e000)]
  0x00007f2e6c2ae800 JavaThread "Sweeper thread" daemon [_thread_blocked, id=84364, stack(0x00007f2e30c1c000,0x00007f2e30d1d000)]
  0x00007f2e6c2cc000 JavaThread "Common-Cleaner" daemon [_thread_blocked, id=84368, stack(0x00007f2e30b1b000,0x00007f2e30c1c000)]
  0x00007f2e6c318800 JavaThread "JDWP Transport Listener: dt_socket" daemon [_thread_blocked, id=84369, stack(0x00007f2e30a1a000,0x00007f2e30b1b000)]
  0x00007f2e6c31c800 JavaThread "JDWP Event Helper Thread" daemon [_thread_blocked, id=84371, stack(0x00007f2e30919000,0x00007f2e30a1a000)]
  0x00007f2e08001000 JavaThread "JDWP Command Reader" daemon [_thread_in_native, id=84373, stack(0x00007f2e30818000,0x00007f2e30919000)]
  0x00007f2e6c66e000 JavaThread "Notification Thread" daemon [_thread_blocked, id=84374, stack(0x00007f2e30717000,0x00007f2e30818000)]
  0x00007f2e6c751800 JavaThread "RMI TCP Accept-0" daemon [_thread_in_native, id=84376, stack(0x00007f2e30616000,0x00007f2e30717000)]
  0x00007f2e14001000 JavaThread "Attach Listener" daemon [_thread_blocked, id=84401, stack(0x00007f2de39f7000,0x00007f2de3af8000)]
  0x00007f2dc4020000 JavaThread "RMI Scheduler(0)" daemon [_thread_blocked, id=84405, stack(0x00007f2de31f5000,0x00007f2de32f6000)]
  0x00007f2dcca28000 JavaThread "Catalina-utility-1" [_thread_blocked, id=84416, stack(0x00007f2de30f4000,0x00007f2de31f5000)]
  0x00007f2db0002800 JavaThread "Catalina-utility-2" [_thread_blocked, id=84417, stack(0x00007f2de24f1000,0x00007f2de25f2000)]
  0x00007f2dcca2b000 JavaThread "container-0" [_thread_blocked, id=84418, stack(0x00007f2de23f0000,0x00007f2de24f1000)]
  0x00007f2dcc81e000 JavaThread "PostgreSQL-JDBC-SharedTimer-1" daemon [_thread_blocked, id=84420, stack(0x00007f2de1eef000,0x00007f2de1ff0000)]
  0x00007f2dcc814000 JavaThread "HikariPool-1 housekeeper" daemon [_thread_blocked, id=84421, stack(0x00007f2de1bee000,0x00007f2de1cef000)]
  0x00007f2dccfce800 JavaThread "Live Reload Server" daemon [_thread_in_native, id=84437, stack(0x00007f2de13ec000,0x00007f2de14ed000)]
  0x00007f2dcd40e000 JavaThread "File Watcher" daemon [_thread_blocked, id=84446, stack(0x00007f2de10eb000,0x00007f2de11ec000)]
  0x00007f2dcd41f800 JavaThread "http-nio-8080-BlockPoller" daemon [_thread_in_native, id=84447, stack(0x00007f2de07ea000,0x00007f2de08eb000)]
  0x00007f2dcd421800 JavaThread "http-nio-8080-exec-1" daemon [_thread_blocked, id=84448, stack(0x00007f2de06e9000,0x00007f2de07ea000)]
  0x00007f2dcd423000 JavaThread "http-nio-8080-exec-2" daemon [_thread_blocked, id=84449, stack(0x00007f2de05e8000,0x00007f2de06e9000)]
  0x00007f2dcd424800 JavaThread "http-nio-8080-exec-3" daemon [_thread_blocked, id=84450, stack(0x00007f2de04e7000,0x00007f2de05e8000)]
  0x00007f2dcd426000 JavaThread "http-nio-8080-exec-4" daemon [_thread_blocked, id=84451, stack(0x00007f2de03e6000,0x00007f2de04e7000)]
  0x00007f2dcd428000 JavaThread "http-nio-8080-exec-5" daemon [_thread_blocked, id=84452, stack(0x00007f2de02e5000,0x00007f2de03e6000)]
  0x00007f2dcd42a000 JavaThread "http-nio-8080-exec-6" daemon [_thread_blocked, id=84453, stack(0x00007f2de01e4000,0x00007f2de02e5000)]
  0x00007f2dcd42c000 JavaThread "http-nio-8080-exec-7" daemon [_thread_blocked, id=84454, stack(0x00007f2de00e3000,0x00007f2de01e4000)]
  0x00007f2dcd42e000 JavaThread "http-nio-8080-exec-8" daemon [_thread_blocked, id=84455, stack(0x00007f2d77eff000,0x00007f2d78000000)]
  0x00007f2dcd42f800 JavaThread "http-nio-8080-exec-9" daemon [_thread_blocked, id=84456, stack(0x00007f2d77dfe000,0x00007f2d77eff000)]
=>0x00007f2dcd431800 JavaThread "http-nio-8080-exec-10" daemon [_thread_in_Java, id=84457, stack(0x00007f2d77cfd000,0x00007f2d77dfe000)]
  0x00007f2dcd438000 JavaThread "http-nio-8080-ClientPoller" daemon [_thread_in_native, id=84458, stack(0x00007f2d77bfc000,0x00007f2d77cfd000)]
  0x00007f2dcd43a800 JavaThread "http-nio-8080-Acceptor" daemon [_thread_in_native, id=84459, stack(0x00007f2d77afb000,0x00007f2d77bfc000)]
  0x00007f2e6c02d800 JavaThread "DestroyJavaVM" [_thread_blocked, id=84344, stack(0x00007f2e705f6000,0x00007f2e706f7000)]

Other Threads:
  0x00007f2e6c29d800 VMThread "VM Thread" [stack: 0x00007f2e40026000,0x00007f2e40126000] [id=84357]
  0x00007f2e6c75b000 WatcherThread [stack: 0x00007f2e30516000,0x00007f2e30616000] [id=84377]
  0x00007f2e6c06d800 GCTaskThread "GC Thread#0" [stack: 0x00007f2e41655000,0x00007f2e41755000] [id=84345]
  0x00007f2e28001000 GCTaskThread "GC Thread#1" [stack: 0x00007f2e303ee000,0x00007f2e304ee000] [id=84388]
  0x00007f2e28002800 GCTaskThread "GC Thread#2" [stack: 0x00007f2e302ec000,0x00007f2e303ec000] [id=84389]
  0x00007f2e28004000 GCTaskThread "GC Thread#3" [stack: 0x00007f2e301ea000,0x00007f2e302ea000] [id=84390]
  0x00007f2e28005800 GCTaskThread "GC Thread#4" [stack: 0x00007f2e300e8000,0x00007f2e301e8000] [id=84391]
  0x00007f2e28007000 GCTaskThread "GC Thread#5" [stack: 0x00007f2de3f00000,0x00007f2de4000000] [id=84392]
  0x00007f2e28008800 GCTaskThread "GC Thread#6" [stack: 0x00007f2de3dfe000,0x00007f2de3efe000] [id=84393]
  0x00007f2e2800a000 GCTaskThread "GC Thread#7" [stack: 0x00007f2de3cfc000,0x00007f2de3dfc000] [id=84394]
  0x00007f2e6c08f000 ConcurrentGCThread "G1 Main Marker" [stack: 0x00007f2e41553000,0x00007f2e41653000] [id=84346]
  0x00007f2e6c090800 ConcurrentGCThread "G1 Conc#0" [stack: 0x00007f2e41451000,0x00007f2e41551000] [id=84348]
  0x00007f2e34001000 ConcurrentGCThread "G1 Conc#1" [stack: 0x00007f2de2bf4000,0x00007f2de2cf4000] [id=84411]
  0x00007f2e6c210000 ConcurrentGCThread "G1 Refine#0" [stack: 0x00007f2e40b47000,0x00007f2e40c47000] [id=84350]
  0x00007f2e6c211800 ConcurrentGCThread "G1 Young RemSet Sampling" [stack: 0x00007f2e40a45000,0x00007f2e40b45000] [id=84351]

Threads with active compile tasks:

VM state:not at safepoint (normal execution)

VM Mutex/Monitor currently owned by a thread: None

Heap address: 0x000000060b000000, size: 8016 MB, Compressed Oops mode: Zero based, Oop shift amount: 3
Narrow klass base: 0x0000000800000000, Narrow klass shift: 3
Compressed class space size: 1073741824 Address: 0x0000000800b0f000

Heap:
 garbage-first heap   total 303104K, used 88152K [0x000000060b000000, 0x0000000800000000)
  region size 2048K, 32 young (65536K), 6 survivors (12288K)
 Metaspace       used 57272K, capacity 59212K, committed 59392K, reserved 1099776K
  class space    used 7861K, capacity 8578K, committed 8704K, reserved 1048576K
Heap Regions: E=young(eden), S=young(survivor), O=old, HS=humongous(starts), HC=humongous(continues), CS=collection set, F=free, OA=open archive, CA=closed archive, TAMS=top-at-mark-start (previous, next)
|   0|0x000000060b000000, 0x000000060b200000, 0x000000060b200000|100%| O|  |TAMS 0x000000060b200000, 0x000000060b000000| Untracked 
|   1|0x000000060b200000, 0x000000060b400000, 0x000000060b400000|100%| O|  |TAMS 0x000000060b400000, 0x000000060b200000| Untracked 
|   2|0x000000060b400000, 0x000000060b5b8c00, 0x000000060b600000| 86%| O|  |TAMS 0x000000060b5b8c00, 0x000000060b400000| Untracked 
|   3|0x000000060b600000, 0x000000060b800000, 0x000000060b800000|100%| O|  |TAMS 0x000000060b800000, 0x000000060b600000| Untracked 
|   4|0x000000060b800000, 0x000000060ba00000, 0x000000060ba00000|100%| O|  |TAMS 0x000000060ba00000, 0x000000060b800000| Untracked 
|   5|0x000000060ba00000, 0x000000060bb9f600, 0x000000060bc00000| 81%| O|  |TAMS 0x000000060bb9f600, 0x000000060ba00000| Untracked 
|   6|0x000000060bc00000, 0x000000060be00000, 0x000000060be00000|100%| O|  |TAMS 0x000000060bc00000, 0x000000060bc00000| Untracked 
|   7|0x000000060be00000, 0x000000060c000000, 0x000000060c000000|100%| O|  |TAMS 0x000000060be00000, 0x000000060be00000| Untracked 
|   8|0x000000060c000000, 0x000000060c200000, 0x000000060c200000|100%| O|  |TAMS 0x000000060c000000, 0x000000060c000000| Untracked 
|   9|0x000000060c200000, 0x000000060c400000, 0x000000060c400000|100%| O|  |TAMS 0x000000060c200000, 0x000000060c200000| Untracked 
|  10|0x000000060c400000, 0x000000060c600000, 0x000000060c600000|100%| O|  |TAMS 0x000000060c400000, 0x000000060c400000| Untracked 
|  11|0x000000060c600000, 0x000000060c6f8a00, 0x000000060c800000| 48%| O|  |TAMS 0x000000060c600000, 0x000000060c600000| Untracked 
|  12|0x000000060c800000, 0x000000060c800000, 0x000000060ca00000|  0%| F|  |TAMS 0x000000060c800000, 0x000000060c800000| Untracked 
|  13|0x000000060ca00000, 0x000000060ca00000, 0x000000060cc00000|  0%| F|  |TAMS 0x000000060ca00000, 0x000000060ca00000| Untracked 
|  14|0x000000060cc00000, 0x000000060cc00000, 0x000000060ce00000|  0%| F|  |TAMS 0x000000060cc00000, 0x000000060cc00000| Untracked 
|  15|0x000000060ce00000, 0x000000060ce00000, 0x000000060d000000|  0%| F|  |TAMS 0x000000060ce00000, 0x000000060ce00000| Untracked 
|  16|0x000000060d000000, 0x000000060d000000, 0x000000060d200000|  0%| F|  |TAMS 0x000000060d000000, 0x000000060d000000| Untracked 
|  17|0x000000060d200000, 0x000000060d200000, 0x000000060d400000|  0%| F|  |TAMS 0x000000060d200000, 0x000000060d200000| Untracked 
|  18|0x000000060d400000, 0x000000060d400000, 0x000000060d600000|  0%| F|  |TAMS 0x000000060d400000, 0x000000060d400000| Untracked 
|  19|0x000000060d600000, 0x000000060d600000, 0x000000060d800000|  0%| F|  |TAMS 0x000000060d600000, 0x000000060d600000| Untracked 
|  20|0x000000060d800000, 0x000000060d800000, 0x000000060da00000|  0%| F|  |TAMS 0x000000060d800000, 0x000000060d800000| Untracked 
|  21|0x000000060da00000, 0x000000060da00000, 0x000000060dc00000|  0%| F|  |TAMS 0x000000060da00000, 0x000000060da00000| Untracked 
|  22|0x000000060dc00000, 0x000000060dc00000, 0x000000060de00000|  0%| F|  |TAMS 0x000000060dc00000, 0x000000060dc00000| Untracked 
|  23|0x000000060de00000, 0x000000060de00000, 0x000000060e000000|  0%| F|  |TAMS 0x000000060de00000, 0x000000060de00000| Untracked 
|  24|0x000000060e000000, 0x000000060e000000, 0x000000060e200000|  0%| F|  |TAMS 0x000000060e000000, 0x000000060e000000| Untracked 
|  25|0x000000060e200000, 0x000000060e200000, 0x000000060e400000|  0%| F|  |TAMS 0x000000060e200000, 0x000000060e200000| Untracked 
|  26|0x000000060e400000, 0x000000060e400000, 0x000000060e600000|  0%| F|  |TAMS 0x000000060e400000, 0x000000060e400000| Untracked 
|  27|0x000000060e600000, 0x000000060e600000, 0x000000060e800000|  0%| F|  |TAMS 0x000000060e600000, 0x000000060e600000| Untracked 
|  28|0x000000060e800000, 0x000000060e800000, 0x000000060ea00000|  0%| F|  |TAMS 0x000000060e800000, 0x000000060e800000| Untracked 
|  29|0x000000060ea00000, 0x000000060ea00000, 0x000000060ec00000|  0%| F|  |TAMS 0x000000060ea00000, 0x000000060ea00000| Untracked 
|  30|0x000000060ec00000, 0x000000060ec00000, 0x000000060ee00000|  0%| F|  |TAMS 0x000000060ec00000, 0x000000060ec00000| Untracked 
|  31|0x000000060ee00000, 0x000000060ee00000, 0x000000060f000000|  0%| F|  |TAMS 0x000000060ee00000, 0x000000060ee00000| Untracked 
|  32|0x000000060f000000, 0x000000060f000000, 0x000000060f200000|  0%| F|  |TAMS 0x000000060f000000, 0x000000060f000000| Untracked 
|  33|0x000000060f200000, 0x000000060f200000, 0x000000060f400000|  0%| F|  |TAMS 0x000000060f200000, 0x000000060f200000| Untracked 
|  34|0x000000060f400000, 0x000000060f400000, 0x000000060f600000|  0%| F|  |TAMS 0x000000060f400000, 0x000000060f400000| Untracked 
|  35|0x000000060f600000, 0x000000060f600000, 0x000000060f800000|  0%| F|  |TAMS 0x000000060f600000, 0x000000060f600000| Untracked 
|  36|0x000000060f800000, 0x000000060f800000, 0x000000060fa00000|  0%| F|  |TAMS 0x000000060f800000, 0x000000060f800000| Untracked 
|  37|0x000000060fa00000, 0x000000060fa00000, 0x000000060fc00000|  0%| F|  |TAMS 0x000000060fa00000, 0x000000060fa00000| Untracked 
|  38|0x000000060fc00000, 0x000000060fc00000, 0x000000060fe00000|  0%| F|  |TAMS 0x000000060fc00000, 0x000000060fc00000| Untracked 
|  39|0x000000060fe00000, 0x000000060fe00000, 0x0000000610000000|  0%| F|  |TAMS 0x000000060fe00000, 0x000000060fe00000| Untracked 
|  40|0x0000000610000000, 0x0000000610000000, 0x0000000610200000|  0%| F|  |TAMS 0x0000000610000000, 0x0000000610000000| Untracked 
|  41|0x0000000610200000, 0x0000000610200000, 0x0000000610400000|  0%| F|  |TAMS 0x0000000610200000, 0x0000000610200000| Untracked 
|  42|0x0000000610400000, 0x0000000610400000, 0x0000000610600000|  0%| F|  |TAMS 0x0000000610400000, 0x0000000610400000| Untracked 
|  43|0x0000000610600000, 0x0000000610600000, 0x0000000610800000|  0%| F|  |TAMS 0x0000000610600000, 0x0000000610600000| Untracked 
|  44|0x0000000610800000, 0x0000000610800000, 0x0000000610a00000|  0%| F|  |TAMS 0x0000000610800000, 0x0000000610800000| Untracked 
|  45|0x0000000610a00000, 0x0000000610a00000, 0x0000000610c00000|  0%| F|  |TAMS 0x0000000610a00000, 0x0000000610a00000| Untracked 
|  46|0x0000000610c00000, 0x0000000610c00000, 0x0000000610e00000|  0%| F|  |TAMS 0x0000000610c00000, 0x0000000610c00000| Untracked 
|  47|0x0000000610e00000, 0x0000000610e00000, 0x0000000611000000|  0%| F|  |TAMS 0x0000000610e00000, 0x0000000610e00000| Untracked 
|  48|0x0000000611000000, 0x0000000611000000, 0x0000000611200000|  0%| F|  |TAMS 0x0000000611000000, 0x0000000611000000| Untracked 
|  49|0x0000000611200000, 0x0000000611200000, 0x0000000611400000|  0%| F|  |TAMS 0x0000000611200000, 0x0000000611200000| Untracked 
|  50|0x0000000611400000, 0x0000000611400000, 0x0000000611600000|  0%| F|  |TAMS 0x0000000611400000, 0x0000000611400000| Untracked 
|  51|0x0000000611600000, 0x0000000611600000, 0x0000000611800000|  0%| F|  |TAMS 0x0000000611600000, 0x0000000611600000| Untracked 
|  52|0x0000000611800000, 0x0000000611800000, 0x0000000611a00000|  0%| F|  |TAMS 0x0000000611800000, 0x0000000611800000| Untracked 
|  53|0x0000000611a00000, 0x0000000611a00000, 0x0000000611c00000|  0%| F|  |TAMS 0x0000000611a00000, 0x0000000611a00000| Untracked 
|  54|0x0000000611c00000, 0x0000000611c00000, 0x0000000611e00000|  0%| F|  |TAMS 0x0000000611c00000, 0x0000000611c00000| Untracked 
|  55|0x0000000611e00000, 0x0000000611ff4700, 0x0000000612000000| 97%| S|CS|TAMS 0x0000000611e00000, 0x0000000611e00000| Complete 
|  56|0x0000000612000000, 0x0000000612200000, 0x0000000612200000|100%| S|CS|TAMS 0x0000000612000000, 0x0000000612000000| Complete 
|  57|0x0000000612200000, 0x0000000612400000, 0x0000000612400000|100%| S|CS|TAMS 0x0000000612200000, 0x0000000612200000| Complete 
|  58|0x0000000612400000, 0x0000000612600000, 0x0000000612600000|100%| S|CS|TAMS 0x0000000612400000, 0x0000000612400000| Complete 
|  59|0x0000000612600000, 0x0000000612800000, 0x0000000612800000|100%| S|CS|TAMS 0x0000000612600000, 0x0000000612600000| Complete 
|  60|0x0000000612800000, 0x0000000612a00000, 0x0000000612a00000|100%| S|CS|TAMS 0x0000000612800000, 0x0000000612800000| Complete 
|  61|0x0000000612a00000, 0x0000000612a00000, 0x0000000612c00000|  0%| F|  |TAMS 0x0000000612a00000, 0x0000000612a00000| Untracked 
|  62|0x0000000612c00000, 0x0000000612c00000, 0x0000000612e00000|  0%| F|  |TAMS 0x0000000612c00000, 0x0000000612c00000| Untracked 
|  63|0x0000000612e00000, 0x0000000612e00000, 0x0000000613000000|  0%| F|  |TAMS 0x0000000612e00000, 0x0000000612e00000| Untracked 
|  64|0x0000000613000000, 0x0000000613000000, 0x0000000613200000|  0%| F|  |TAMS 0x0000000613000000, 0x0000000613000000| Untracked 
|  65|0x0000000613200000, 0x0000000613200000, 0x0000000613400000|  0%| F|  |TAMS 0x0000000613200000, 0x0000000613200000| Untracked 
|  66|0x0000000613400000, 0x0000000613400000, 0x0000000613600000|  0%| F|  |TAMS 0x0000000613400000, 0x0000000613400000| Untracked 
|  67|0x0000000613600000, 0x0000000613600000, 0x0000000613800000|  0%| F|  |TAMS 0x0000000613600000, 0x0000000613600000| Untracked 
|  68|0x0000000613800000, 0x0000000613800000, 0x0000000613a00000|  0%| F|  |TAMS 0x0000000613800000, 0x0000000613800000| Untracked 
|  69|0x0000000613a00000, 0x0000000613a00000, 0x0000000613c00000|  0%| F|  |TAMS 0x0000000613a00000, 0x0000000613a00000| Untracked 
|  70|0x0000000613c00000, 0x0000000613c00000, 0x0000000613e00000|  0%| F|  |TAMS 0x0000000613c00000, 0x0000000613c00000| Untracked 
|  71|0x0000000613e00000, 0x0000000613e00000, 0x0000000614000000|  0%| F|  |TAMS 0x0000000613e00000, 0x0000000613e00000| Untracked 
|  72|0x0000000614000000, 0x0000000614000000, 0x0000000614200000|  0%| F|  |TAMS 0x0000000614000000, 0x0000000614000000| Untracked 
|  73|0x0000000614200000, 0x0000000614200000, 0x0000000614400000|  0%| F|  |TAMS 0x0000000614200000, 0x0000000614200000| Untracked 
|  74|0x0000000614400000, 0x0000000614400000, 0x0000000614600000|  0%| F|  |TAMS 0x0000000614400000, 0x0000000614400000| Untracked 
|  75|0x0000000614600000, 0x0000000614600000, 0x0000000614800000|  0%| F|  |TAMS 0x0000000614600000, 0x0000000614600000| Untracked 
|  76|0x0000000614800000, 0x0000000614800000, 0x0000000614a00000|  0%| F|  |TAMS 0x0000000614800000, 0x0000000614800000| Untracked 
|  77|0x0000000614a00000, 0x0000000614a00000, 0x0000000614c00000|  0%| F|  |TAMS 0x0000000614a00000, 0x0000000614a00000| Untracked 
|  78|0x0000000614c00000, 0x0000000614c00000, 0x0000000614e00000|  0%| F|  |TAMS 0x0000000614c00000, 0x0000000614c00000| Untracked 
|  79|0x0000000614e00000, 0x0000000614e00000, 0x0000000615000000|  0%| F|  |TAMS 0x0000000614e00000, 0x0000000614e00000| Untracked 
|  80|0x0000000615000000, 0x0000000615000000, 0x0000000615200000|  0%| F|  |TAMS 0x0000000615000000, 0x0000000615000000| Untracked 
|  81|0x0000000615200000, 0x0000000615200000, 0x0000000615400000|  0%| F|  |TAMS 0x0000000615200000, 0x0000000615200000| Untracked 
|  82|0x0000000615400000, 0x0000000615400000, 0x0000000615600000|  0%| F|  |TAMS 0x0000000615400000, 0x0000000615400000| Untracked 
|  83|0x0000000615600000, 0x0000000615600000, 0x0000000615800000|  0%| F|  |TAMS 0x0000000615600000, 0x0000000615600000| Untracked 
|  84|0x0000000615800000, 0x0000000615800000, 0x0000000615a00000|  0%| F|  |TAMS 0x0000000615800000, 0x0000000615800000| Untracked 
|  85|0x0000000615a00000, 0x0000000615a00000, 0x0000000615c00000|  0%| F|  |TAMS 0x0000000615a00000, 0x0000000615a00000| Untracked 
|  86|0x0000000615c00000, 0x0000000615c00000, 0x0000000615e00000|  0%| F|  |TAMS 0x0000000615c00000, 0x0000000615c00000| Untracked 
|  87|0x0000000615e00000, 0x0000000615e00000, 0x0000000616000000|  0%| F|  |TAMS 0x0000000615e00000, 0x0000000615e00000| Untracked 
|  88|0x0000000616000000, 0x0000000616000000, 0x0000000616200000|  0%| F|  |TAMS 0x0000000616000000, 0x0000000616000000| Untracked 
|  89|0x0000000616200000, 0x0000000616200000, 0x0000000616400000|  0%| F|  |TAMS 0x0000000616200000, 0x0000000616200000| Untracked 
|  90|0x0000000616400000, 0x0000000616400000, 0x0000000616600000|  0%| F|  |TAMS 0x0000000616400000, 0x0000000616400000| Untracked 
|  91|0x0000000616600000, 0x0000000616600000, 0x0000000616800000|  0%| F|  |TAMS 0x0000000616600000, 0x0000000616600000| Untracked 
|  92|0x0000000616800000, 0x0000000616800000, 0x0000000616a00000|  0%| F|  |TAMS 0x0000000616800000, 0x0000000616800000| Untracked 
|  93|0x0000000616a00000, 0x0000000616a00000, 0x0000000616c00000|  0%| F|  |TAMS 0x0000000616a00000, 0x0000000616a00000| Untracked 
|  94|0x0000000616c00000, 0x0000000616c00000, 0x0000000616e00000|  0%| F|  |TAMS 0x0000000616c00000, 0x0000000616c00000| Untracked 
|  95|0x0000000616e00000, 0x0000000616e00000, 0x0000000617000000|  0%| F|  |TAMS 0x0000000616e00000, 0x0000000616e00000| Untracked 
|  96|0x0000000617000000, 0x0000000617000000, 0x0000000617200000|  0%| F|  |TAMS 0x0000000617000000, 0x0000000617000000| Untracked 
|  97|0x0000000617200000, 0x0000000617200000, 0x0000000617400000|  0%| F|  |TAMS 0x0000000617200000, 0x0000000617200000| Untracked 
|  98|0x0000000617400000, 0x0000000617400000, 0x0000000617600000|  0%| F|  |TAMS 0x0000000617400000, 0x0000000617400000| Untracked 
|  99|0x0000000617600000, 0x0000000617600000, 0x0000000617800000|  0%| F|  |TAMS 0x0000000617600000, 0x0000000617600000| Untracked 
| 100|0x0000000617800000, 0x0000000617800000, 0x0000000617a00000|  0%| F|  |TAMS 0x0000000617800000, 0x0000000617800000| Untracked 
| 101|0x0000000617a00000, 0x0000000617a00000, 0x0000000617c00000|  0%| F|  |TAMS 0x0000000617a00000, 0x0000000617a00000| Untracked 
| 102|0x0000000617c00000, 0x0000000617c00000, 0x0000000617e00000|  0%| F|  |TAMS 0x0000000617c00000, 0x0000000617c00000| Untracked 
| 103|0x0000000617e00000, 0x0000000617e00000, 0x0000000618000000|  0%| F|  |TAMS 0x0000000617e00000, 0x0000000617e00000| Untracked 
| 104|0x0000000618000000, 0x0000000618000000, 0x0000000618200000|  0%| F|  |TAMS 0x0000000618000000, 0x0000000618000000| Untracked 
| 105|0x0000000618200000, 0x0000000618200000, 0x0000000618400000|  0%| F|  |TAMS 0x0000000618200000, 0x0000000618200000| Untracked 
| 106|0x0000000618400000, 0x0000000618400000, 0x0000000618600000|  0%| F|  |TAMS 0x0000000618400000, 0x0000000618400000| Untracked 
| 107|0x0000000618600000, 0x0000000618600000, 0x0000000618800000|  0%| F|  |TAMS 0x0000000618600000, 0x0000000618600000| Untracked 
| 108|0x0000000618800000, 0x0000000618800000, 0x0000000618a00000|  0%| F|  |TAMS 0x0000000618800000, 0x0000000618800000| Untracked 
| 109|0x0000000618a00000, 0x0000000618a00000, 0x0000000618c00000|  0%| F|  |TAMS 0x0000000618a00000, 0x0000000618a00000| Untracked 
| 110|0x0000000618c00000, 0x0000000618c00000, 0x0000000618e00000|  0%| F|  |TAMS 0x0000000618c00000, 0x0000000618c00000| Untracked 
| 111|0x0000000618e00000, 0x0000000618e00000, 0x0000000619000000|  0%| F|  |TAMS 0x0000000618e00000, 0x0000000618e00000| Untracked 
| 112|0x0000000619000000, 0x0000000619000000, 0x0000000619200000|  0%| F|  |TAMS 0x0000000619000000, 0x0000000619000000| Untracked 
| 113|0x0000000619200000, 0x0000000619200000, 0x0000000619400000|  0%| F|  |TAMS 0x0000000619200000, 0x0000000619200000| Untracked 
| 114|0x0000000619400000, 0x0000000619400000, 0x0000000619600000|  0%| F|  |TAMS 0x0000000619400000, 0x0000000619400000| Untracked 
| 115|0x0000000619600000, 0x0000000619600000, 0x0000000619800000|  0%| F|  |TAMS 0x0000000619600000, 0x0000000619600000| Untracked 
| 116|0x0000000619800000, 0x0000000619800000, 0x0000000619a00000|  0%| F|  |TAMS 0x0000000619800000, 0x0000000619800000| Untracked 
| 117|0x0000000619a00000, 0x0000000619a00000, 0x0000000619c00000|  0%| F|  |TAMS 0x0000000619a00000, 0x0000000619a00000| Untracked 
| 118|0x0000000619c00000, 0x0000000619c00000, 0x0000000619e00000|  0%| F|  |TAMS 0x0000000619c00000, 0x0000000619c00000| Untracked 
| 119|0x0000000619e00000, 0x0000000619e00000, 0x000000061a000000|  0%| F|  |TAMS 0x0000000619e00000, 0x0000000619e00000| Untracked 
| 120|0x000000061a000000, 0x000000061a0fed68, 0x000000061a200000| 49%| E|  |TAMS 0x000000061a000000, 0x000000061a000000| Complete 
| 121|0x000000061a200000, 0x000000061a400000, 0x000000061a400000|100%| E|CS|TAMS 0x000000061a200000, 0x000000061a200000| Complete 
| 122|0x000000061a400000, 0x000000061a600000, 0x000000061a600000|100%| E|CS|TAMS 0x000000061a400000, 0x000000061a400000| Complete 
| 123|0x000000061a600000, 0x000000061a800000, 0x000000061a800000|100%| E|CS|TAMS 0x000000061a600000, 0x000000061a600000| Complete 
| 124|0x000000061a800000, 0x000000061aa00000, 0x000000061aa00000|100%| E|CS|TAMS 0x000000061a800000, 0x000000061a800000| Complete 
| 125|0x000000061aa00000, 0x000000061ac00000, 0x000000061ac00000|100%| E|CS|TAMS 0x000000061aa00000, 0x000000061aa00000| Complete 
| 126|0x000000061ac00000, 0x000000061ae00000, 0x000000061ae00000|100%| E|CS|TAMS 0x000000061ac00000, 0x000000061ac00000| Complete 
| 127|0x000000061ae00000, 0x000000061b000000, 0x000000061b000000|100%| E|CS|TAMS 0x000000061ae00000, 0x000000061ae00000| Complete 
| 128|0x000000061b000000, 0x000000061b200000, 0x000000061b200000|100%| E|CS|TAMS 0x000000061b000000, 0x000000061b000000| Complete 
| 129|0x000000061b200000, 0x000000061b400000, 0x000000061b400000|100%| E|CS|TAMS 0x000000061b200000, 0x000000061b200000| Complete 
| 130|0x000000061b400000, 0x000000061b600000, 0x000000061b600000|100%| E|CS|TAMS 0x000000061b400000, 0x000000061b400000| Complete 
| 131|0x000000061b600000, 0x000000061b800000, 0x000000061b800000|100%| E|CS|TAMS 0x000000061b600000, 0x000000061b600000| Complete 
| 132|0x000000061b800000, 0x000000061ba00000, 0x000000061ba00000|100%| E|CS|TAMS 0x000000061b800000, 0x000000061b800000| Complete 
| 133|0x000000061ba00000, 0x000000061bc00000, 0x000000061bc00000|100%| E|CS|TAMS 0x000000061ba00000, 0x000000061ba00000| Complete 
| 134|0x000000061bc00000, 0x000000061be00000, 0x000000061be00000|100%| E|CS|TAMS 0x000000061bc00000, 0x000000061bc00000| Complete 
| 135|0x000000061be00000, 0x000000061c000000, 0x000000061c000000|100%| E|CS|TAMS 0x000000061be00000, 0x000000061be00000| Complete 
| 136|0x000000061c000000, 0x000000061c200000, 0x000000061c200000|100%| E|CS|TAMS 0x000000061c000000, 0x000000061c000000| Complete 
| 137|0x000000061c200000, 0x000000061c400000, 0x000000061c400000|100%| E|CS|TAMS 0x000000061c200000, 0x000000061c200000| Complete 
| 138|0x000000061c400000, 0x000000061c600000, 0x000000061c600000|100%| E|CS|TAMS 0x000000061c400000, 0x000000061c400000| Complete 
| 139|0x000000061c600000, 0x000000061c800000, 0x000000061c800000|100%| E|CS|TAMS 0x000000061c600000, 0x000000061c600000| Complete 
| 140|0x000000061c800000, 0x000000061ca00000, 0x000000061ca00000|100%| E|CS|TAMS 0x000000061c800000, 0x000000061c800000| Complete 
| 141|0x000000061ca00000, 0x000000061cc00000, 0x000000061cc00000|100%| E|CS|TAMS 0x000000061ca00000, 0x000000061ca00000| Complete 
| 142|0x000000061cc00000, 0x000000061ce00000, 0x000000061ce00000|100%| E|CS|TAMS 0x000000061cc00000, 0x000000061cc00000| Complete 
| 143|0x000000061ce00000, 0x000000061d000000, 0x000000061d000000|100%| E|CS|TAMS 0x000000061ce00000, 0x000000061ce00000| Complete 
| 144|0x000000061d000000, 0x000000061d200000, 0x000000061d200000|100%| E|CS|TAMS 0x000000061d000000, 0x000000061d000000| Complete 
| 250|0x000000062a400000, 0x000000062a600000, 0x000000062a600000|100%| E|CS|TAMS 0x000000062a400000, 0x000000062a400000| Complete 
|4006|0x00000007ffc00000, 0x00000007ffd52000, 0x00000007ffe00000| 66%|OA|  |TAMS 0x00000007ffd52000, 0x00000007ffc00000| Untracked 
|4007|0x00000007ffe00000, 0x00000007ffe7f000, 0x0000000800000000| 24%|CA|  |TAMS 0x00000007ffe7f000, 0x00000007ffe00000| Untracked 

Card table byte_map: [0x00007f2e52280000,0x00007f2e53228000] _byte_map_base: 0x00007f2e4f228000

Marking Bits (Prev, Next): (CMBitMap*) 0x00007f2e6c06eaa8, (CMBitMap*) 0x00007f2e6c06eae8
 Prev Bits: [0x00007f2e49598000, 0x00007f2e512d8000)
 Next Bits: [0x00007f2e41858000, 0x00007f2e49598000)

Polling page: 0x00007f2e71c17000

Metaspace:

Usage:
  Non-class:     49,45 MB capacity,    48,25 MB ( 98%) used,   997,48 KB (  2%) free+waste,   226,31 KB ( <1%) overhead. 
      Class:      8,38 MB capacity,     7,68 MB ( 92%) used,   605,97 KB (  7%) free+waste,   110,06 KB (  1%) overhead. 
       Both:     57,82 MB capacity,    55,93 MB ( 97%) used,     1,57 MB (  3%) free+waste,   336,38 KB ( <1%) overhead. 

Virtual space:
  Non-class space:       50,00 MB reserved,      49,50 MB ( 99%) committed 
      Class space:        1,00 GB reserved,       8,50 MB ( <1%) committed 
             Both:        1,05 GB reserved,      58,00 MB (  5%) committed 

Chunk freelists:
   Non-Class:  18,00 KB
       Class:  2,00 KB
        Both:  20,00 KB

MaxMetaspaceSize: unlimited
CompressedClassSpaceSize: 1,00 GB

CodeHeap 'non-profiled nmethods': size=238384Kb used=12980Kb max_used=12980Kb free=225403Kb
 bounds [0x00007f2e54e09000, 0x00007f2e55ab9000, 0x00007f2e636d5000]
CodeHeap 'non-nmethods': size=7376Kb used=1384Kb max_used=1384Kb free=5991Kb
 bounds [0x00007f2e546d5000, 0x00007f2e54945000, 0x00007f2e54e09000]
 total_blobs=8711 nmethods=8101 adapters=537
 compilation: enabled
              stopped_count=0, restarted_count=0
 full_count=0

Compilation events (20 events):
Event: 765,430 Thread 0x00007f2e6c2ac800 8271       1       org.springframework.transaction.support.TransactionSynchronizationManager::isSynchronizationActive (15 bytes)
Event: 765,430 Thread 0x00007f2e6c2ac800 nmethod 8271 0x00007f2e55ab3910 code [0x00007f2e55ab3aa0, 0x00007f2e55ab3b60]
Event: 765,430 Thread 0x00007f2e6c2ac800 8272       1       org.hibernate.LockOptions::setTimeOut (7 bytes)
Event: 765,431 Thread 0x00007f2e6c2ac800 nmethod 8272 0x00007f2e55ab3c10 code [0x00007f2e55ab3da0, 0x00007f2e55ab3e70]
Event: 765,433 Thread 0x00007f2e6c2ac800 8273       1       com.zaxxer.hikari.pool.ProxyConnection::markCommitStateDirty (23 bytes)
Event: 765,433 Thread 0x00007f2e6c2ac800 nmethod 8273 0x00007f2e55ab3f10 code [0x00007f2e55ab40a0, 0x00007f2e55ab41b0]
Event: 779,234 Thread 0x00007f2e6c2ac800 8274       1       java.nio.channels.spi.AbstractSelectableChannel::isBlocking (13 bytes)
Event: 779,234 Thread 0x00007f2e6c2ac800 nmethod 8274 0x00007f2e55ab4290 code [0x00007f2e55ab4420, 0x00007f2e55ab4510]
Event: 779,235 Thread 0x00007f2e6c2ac800 8275       1       org.apache.catalina.connector.RequestFacade::getCharacterEncoding (53 bytes)
Event: 779,235 Thread 0x00007f2e6c2ac800 nmethod 8275 0x00007f2e55ab4590 code [0x00007f2e55ab4760, 0x00007f2e55ab4a90]
Event: 779,235 Thread 0x00007f2e6c2ac800 8276       1       org.apache.catalina.connector.Request::getCharacterEncoding (32 bytes)
Event: 779,235 Thread 0x00007f2e6c2ac800 nmethod 8276 0x00007f2e55ab4c90 code [0x00007f2e55ab4e40, 0x00007f2e55ab5090]
Event: 779,235 Thread 0x00007f2e6c2ac800 8277       1       org.apache.coyote.Request::getCharacterEncoding (23 bytes)
Event: 779,235 Thread 0x00007f2e6c2ac800 nmethod 8277 0x00007f2e55ab5210 code [0x00007f2e55ab53e0, 0x00007f2e55ab5670]
Event: 779,236 Thread 0x00007f2e6c2ac800 8278       1       org.springframework.web.context.request.async.WebAsyncManager::isConcurrentHandlingStarted (25 bytes)
Event: 779,236 Thread 0x00007f2e6c2ac800 nmethod 8278 0x00007f2e55ab5810 code [0x00007f2e55ab59a0, 0x00007f2e55ab5b60]
Event: 779,236 Thread 0x00007f2e6c2ac800 8279       1       org.apache.tomcat.util.net.SocketWrapperBase::getWriteTimeout (5 bytes)
Event: 779,236 Thread 0x00007f2e6c2ac800 nmethod 8279 0x00007f2e55ab5c90 code [0x00007f2e55ab5e20, 0x00007f2e55ab5ef0]
Event: 779,236 Thread 0x00007f2e6c2ac800 8280       1       org.apache.tomcat.util.net.NioEndpoint$NioSocketWrapper::getWriteLatch (5 bytes)
Event: 779,236 Thread 0x00007f2e6c2ac800 nmethod 8280 0x00007f2e55ab5f90 code [0x00007f2e55ab6120, 0x00007f2e55ab61f0]

GC Heap History (20 events):
Event: 0,712 GC heap before
{Heap before GC invocations=1 (full 0):
 garbage-first heap   total 518144K, used 34465K [0x000000060b000000, 0x0000000800000000)
  region size 2048K, 16 young (32768K), 2 survivors (4096K)
 Metaspace       used 6656K, capacity 6974K, committed 7168K, reserved 1056768K
  class space    used 807K, capacity 926K, committed 1024K, reserved 1048576K
}
Event: 0,715 GC heap after
{Heap after GC invocations=2 (full 0):
 garbage-first heap   total 518144K, used 8239K [0x000000060b000000, 0x0000000800000000)
  region size 2048K, 1 young (2048K), 1 survivors (2048K)
 Metaspace       used 6656K, capacity 6974K, committed 7168K, reserved 1056768K
  class space    used 807K, capacity 926K, committed 1024K, reserved 1048576K
}
Event: 2,205 GC heap before
{Heap before GC invocations=2 (full 0):
 garbage-first heap   total 518144K, used 247855K [0x000000060b000000, 0x0000000800000000)
  region size 2048K, 120 young (245760K), 1 survivors (2048K)
 Metaspace       used 20237K, capacity 21119K, committed 21248K, reserved 1067008K
  class space    used 2726K, capacity 3035K, committed 3072K, reserved 1048576K
}
Event: 2,211 GC heap after
{Heap after GC invocations=3 (full 0):
 garbage-first heap   total 518144K, used 14058K [0x000000060b000000, 0x0000000800000000)
  region size 2048K, 4 young (8192K), 4 survivors (8192K)
 Metaspace       used 20237K, capacity 21119K, committed 21248K, reserved 1067008K
  class space    used 2726K, capacity 3035K, committed 3072K, reserved 1048576K
}
Event: 2,534 GC heap before
{Heap before GC invocations=4 (full 0):
 garbage-first heap   total 69632K, used 46826K [0x000000060b000000, 0x0000000800000000)
  region size 2048K, 20 young (40960K), 4 survivors (8192K)
 Metaspace       used 22792K, capacity 23757K, committed 24064K, reserved 1069056K
  class space    used 3075K, capacity 3456K, committed 3584K, reserved 1048576K
}
Event: 2,540 GC heap after
{Heap after GC invocations=5 (full 0):
 garbage-first heap   total 69632K, used 15918K [0x000000060b000000, 0x0000000800000000)
  region size 2048K, 2 young (4096K), 2 survivors (4096K)
 Metaspace       used 22792K, capacity 23757K, committed 24064K, reserved 1069056K
  class space    used 3075K, capacity 3456K, committed 3584K, reserved 1048576K
}
Event: 2,706 GC heap before
{Heap before GC invocations=5 (full 0):
 garbage-first heap   total 69632K, used 46638K [0x000000060b000000, 0x0000000800000000)
  region size 2048K, 17 young (34816K), 2 survivors (4096K)
 Metaspace       used 24537K, capacity 25626K, committed 25856K, reserved 1071104K
  class space    used 3298K, capacity 3696K, committed 3840K, reserved 1048576K
}
Event: 2,710 GC heap after
{Heap after GC invocations=6 (full 0):
 garbage-first heap   total 292864K, used 17213K [0x000000060b000000, 0x0000000800000000)
  region size 2048K, 2 young (4096K), 2 survivors (4096K)
 Metaspace       used 24537K, capacity 25626K, committed 25856K, reserved 1071104K
  class space    used 3298K, capacity 3696K, committed 3840K, reserved 1048576K
}
Event: 3,478 GC heap before
{Heap before GC invocations=6 (full 0):
 garbage-first heap   total 292864K, used 170813K [0x000000060b000000, 0x0000000800000000)
  region size 2048K, 79 young (161792K), 2 survivors (4096K)
 Metaspace       used 34178K, capacity 35425K, committed 35584K, reserved 1079296K
  class space    used 4592K, capacity 5050K, committed 5120K, reserved 1048576K
}
Event: 3,484 GC heap after
{Heap after GC invocations=7 (full 0):
 garbage-first heap   total 292864K, used 20245K [0x000000060b000000, 0x0000000800000000)
  region size 2048K, 4 young (8192K), 4 survivors (8192K)
 Metaspace       used 34178K, capacity 35425K, committed 35584K, reserved 1079296K
  class space    used 4592K, capacity 5050K, committed 5120K, reserved 1048576K
}
Event: 3,936 GC heap before
{Heap before GC invocations=8 (full 0):
 garbage-first heap   total 90112K, used 65301K [0x000000060b000000, 0x0000000800000000)
  region size 2048K, 26 young (53248K), 4 survivors (8192K)
 Metaspace       used 39896K, capacity 41192K, committed 41600K, reserved 1085440K
  class space    used 5475K, capacity 5941K, committed 6016K, reserved 1048576K
}
Event: 3,943 GC heap after
{Heap after GC invocations=9 (full 0):
 garbage-first heap   total 90112K, used 22101K [0x000000060b000000, 0x0000000800000000)
  region size 2048K, 3 young (6144K), 3 survivors (6144K)
 Metaspace       used 39896K, capacity 41192K, committed 41600K, reserved 1085440K
  class space    used 5475K, capacity 5941K, committed 6016K, reserved 1048576K
}
Event: 4,459 GC heap before
{Heap before GC invocations=9 (full 0):
 garbage-first heap   total 90112K, used 67157K [0x000000060b000000, 0x0000000800000000)
  region size 2048K, 25 young (51200K), 3 survivors (6144K)
 Metaspace       used 43471K, capacity 44859K, committed 45184K, reserved 1087488K
  class space    used 5991K, capacity 6485K, committed 6528K, reserved 1048576K
}
Event: 4,465 GC heap after
{Heap after GC invocations=10 (full 0):
 garbage-first heap   total 90112K, used 24789K [0x000000060b000000, 0x0000000800000000)
  region size 2048K, 3 young (6144K), 3 survivors (6144K)
 Metaspace       used 43471K, capacity 44859K, committed 45184K, reserved 1087488K
  class space    used 5991K, capacity 6485K, committed 6528K, reserved 1048576K
}
Event: 4,841 GC heap before
{Heap before GC invocations=10 (full 0):
 garbage-first heap   total 90112K, used 65749K [0x000000060b000000, 0x0000000800000000)
  region size 2048K, 23 young (47104K), 3 survivors (6144K)
 Metaspace       used 46157K, capacity 47663K, committed 48000K, reserved 1089536K
  class space    used 6324K, capacity 6907K, committed 7040K, reserved 1048576K
}
Event: 4,848 GC heap after
{Heap after GC invocations=11 (full 0):
 garbage-first heap   total 90112K, used 27275K [0x000000060b000000, 0x0000000800000000)
  region size 2048K, 3 young (6144K), 3 survivors (6144K)
 Metaspace       used 46157K, capacity 47663K, committed 48000K, reserved 1089536K
  class space    used 6324K, capacity 6907K, committed 7040K, reserved 1048576K
}
Event: 5,111 GC heap before
{Heap before GC invocations=11 (full 0):
 garbage-first heap   total 90112K, used 66187K [0x000000060b000000, 0x0000000800000000)
  region size 2048K, 22 young (45056K), 3 survivors (6144K)
 Metaspace       used 47676K, capacity 49340K, committed 49408K, reserved 1091584K
  class space    used 6549K, capacity 7167K, committed 7168K, reserved 1048576K
}
Event: 5,117 GC heap after
{Heap after GC invocations=12 (full 0):
 garbage-first heap   total 303104K, used 29961K [0x000000060b000000, 0x0000000800000000)
  region size 2048K, 3 young (6144K), 3 survivors (6144K)
 Metaspace       used 47676K, capacity 49340K, committed 49408K, reserved 1091584K
  class space    used 6549K, capacity 7167K, committed 7168K, reserved 1048576K
}
Event: 51,956 GC heap before
{Heap before GC invocations=12 (full 0):
 garbage-first heap   total 303104K, used 204041K [0x000000060b000000, 0x0000000800000000)
  region size 2048K, 88 young (180224K), 3 survivors (6144K)
 Metaspace       used 55986K, capacity 57885K, committed 58112K, reserved 1099776K
  class space    used 7696K, capacity 8406K, committed 8448K, reserved 1048576K
}
Event: 51,969 GC heap after
{Heap after GC invocations=13 (full 0):
 garbage-first heap   total 303104K, used 36952K [0x000000060b000000, 0x0000000800000000)
  region size 2048K, 6 young (12288K), 6 survivors (12288K)
 Metaspace       used 55986K, capacity 57885K, committed 58112K, reserved 1099776K
  class space    used 7696K, capacity 8406K, committed 8448K, reserved 1048576K
}

Deoptimization events (20 events):
Event: 567,137 Thread 0x00007f2dcd421800 DEOPT PACKING pc=0x00007f2e55a0d53c sp=0x00007f2de07e7030
Event: 567,137 Thread 0x00007f2dcd421800 DEOPT UNPACKING pc=0x00007f2e5471e33a sp=0x00007f2de07e6660 mode 1
Event: 567,137 Thread 0x00007f2dcd421800 DEOPT PACKING pc=0x00007f2e55a0d53c sp=0x00007f2de07e73b0
Event: 567,137 Thread 0x00007f2dcd421800 DEOPT UNPACKING pc=0x00007f2e5471e33a sp=0x00007f2de07e69e0 mode 1
Event: 567,137 Thread 0x00007f2dcd421800 DEOPT PACKING pc=0x00007f2e55a0d53c sp=0x00007f2de07e7640
Event: 567,137 Thread 0x00007f2dcd421800 DEOPT UNPACKING pc=0x00007f2e5471e33a sp=0x00007f2de07e6c70 mode 1
Event: 567,137 Thread 0x00007f2dcd421800 DEOPT PACKING pc=0x00007f2e55a0d53c sp=0x00007f2de07e7940
Event: 567,137 Thread 0x00007f2dcd421800 DEOPT UNPACKING pc=0x00007f2e5471e33a sp=0x00007f2de07e6f70 mode 1
Event: 616,880 Thread 0x00007f2dcd426000 DEOPT PACKING pc=0x00007f2e559c1aa4 sp=0x00007f2de04e2340
Event: 616,880 Thread 0x00007f2dcd426000 DEOPT UNPACKING pc=0x00007f2e5471e33a sp=0x00007f2de04e1800 mode 1
Event: 616,880 Thread 0x00007f2dcd426000 DEOPT PACKING pc=0x00007f2e559b7b8c sp=0x00007f2de04e2390
Event: 616,880 Thread 0x00007f2dcd426000 DEOPT UNPACKING pc=0x00007f2e5471e33a sp=0x00007f2de04e18a0 mode 1
Event: 765,427 Thread 0x00007f2dcd42e000 DEOPT PACKING pc=0x00007f2e559c1aa4 sp=0x00007f2d77ffb340
Event: 765,427 Thread 0x00007f2dcd42e000 DEOPT UNPACKING pc=0x00007f2e5471e33a sp=0x00007f2d77ffa800 mode 1
Event: 765,427 Thread 0x00007f2dcd42e000 DEOPT PACKING pc=0x00007f2e559b7b8c sp=0x00007f2d77ffb390
Event: 765,427 Thread 0x00007f2dcd42e000 DEOPT UNPACKING pc=0x00007f2e5471e33a sp=0x00007f2d77ffa8a0 mode 1
Event: 779,235 Thread 0x00007f2dcd42f800 DEOPT PACKING pc=0x00007f2e559c1aa4 sp=0x00007f2d77efa340
Event: 779,235 Thread 0x00007f2dcd42f800 DEOPT UNPACKING pc=0x00007f2e5471e33a sp=0x00007f2d77ef9800 mode 1
Event: 779,235 Thread 0x00007f2dcd42f800 DEOPT PACKING pc=0x00007f2e559b7b8c sp=0x00007f2d77efa390
Event: 779,235 Thread 0x00007f2dcd42f800 DEOPT UNPACKING pc=0x00007f2e5471e33a sp=0x00007f2d77ef98a0 mode 1

Classes unloaded (1 events):
Event: 3,501 Thread 0x00007f2e6c29d800 Unloading class 0x0000000800bfb040 'org/springframework/core/GenericTypeResolver$$Lambda$150'

Classes redefined (0 events):
No events

Internal exceptions (20 events):
Event: 528,092 Thread 0x00007f2dcd42c000 Exception <a 'java/lang/ClassCastException'{0x000000061ba9bf88}: class org.springframework.security.web.servletapi.HttpServlet3RequestFactory$Servlet3SecurityContextHolderAwareRequestWrapper cannot be cast to class org.apache.catalina.connector.RequestFacade (org.springframework.security.web.servletapi.HttpServlet3RequestFactory$Servlet3SecurityContextHolderAwareRequestWrapper and org.apache.catalina.connector.RequestFacade are in unnamed module of loader 'app')> (0x000000061ba9bf88) 
thrown [open/src/hots
Event: 528,151 Thread 0x00007f2dcd42f800 Exception <a 'java/lang/ClassNotFoundException'{0x000000061b1115c0}: java/lang/ObjectCustomizer> (0x000000061b1115c0) 
thrown [open/src/hotspot/share/classfile/systemDictionary.cpp, line 226]
Event: 528,152 Thread 0x00007f2dcd42f800 Exception <a 'java/lang/ClassNotFoundException'{0x000000061b129e68}: br/zprint/model/CaixaCustomizer> (0x000000061b129e68) 
thrown [open/src/hotspot/share/classfile/systemDictionary.cpp, line 226]
Event: 528,161 Thread 0x00007f2dcd42f800 Exception <a 'java/lang/reflect/InvocationTargetException'{0x000000061ae0cab8}> (0x000000061ae0cab8) 
thrown [open/src/hotspot/share/runtime/reflection.cpp, line 1188]
Event: 528,161 Thread 0x00007f2dcd42f800 Exception <a 'java/lang/reflect/InvocationTargetException'{0x000000061ae0d580}> (0x000000061ae0d580) 
thrown [open/src/hotspot/share/runtime/reflection.cpp, line 1188]
Event: 528,161 Thread 0x00007f2dcd42f800 Exception <a 'java/lang/reflect/InvocationTargetException'{0x000000061ae0e048}> (0x000000061ae0e048) 
thrown [open/src/hotspot/share/runtime/reflection.cpp, line 1188]
Event: 528,165 Thread 0x00007f2dcd42f800 Exception <a 'java/lang/reflect/InvocationTargetException'{0x000000061ae37540}> (0x000000061ae37540) 
thrown [open/src/hotspot/share/runtime/reflection.cpp, line 1188]
Event: 528,165 Thread 0x00007f2dcd42f800 Exception <a 'java/lang/NullPointerException'{0x000000061ae3af38}> (0x000000061ae3af38) 
thrown [open/src/hotspot/share/interpreter/linkResolver.cpp, line 1348]
Event: 528,165 Thread 0x00007f2dcd42f800 Exception <a 'java/lang/reflect/InvocationTargetException'{0x000000061ae3b758}> (0x000000061ae3b758) 
thrown [open/src/hotspot/share/runtime/reflection.cpp, line 1188]
Event: 550,120 Thread 0x00007f2dcd431800 Exception <a 'java/lang/ClassCastException'{0x000000061c24c028}: class org.springframework.security.web.servletapi.HttpServlet3RequestFactory$Servlet3SecurityContextHolderAwareRequestWrapper cannot be cast to class org.apache.catalina.connector.RequestFacade (org.springframework.security.web.servletapi.HttpServlet3RequestFactory$Servlet3SecurityContextHolderAwareRequestWrapper and org.apache.catalina.connector.RequestFacade are in unnamed module of loader 'app')> (0x000000061c24c028) 
thrown [open/src/hots
Event: 567,134 Thread 0x00007f2dcd421800 Exception <a 'java/lang/reflect/InvocationTargetException'{0x000000061bb82380}> (0x000000061bb82380) 
thrown [open/src/hotspot/share/runtime/reflection.cpp, line 1188]
Event: 567,134 Thread 0x00007f2dcd421800 Exception <a 'java/lang/reflect/InvocationTargetException'{0x000000061bb82e48}> (0x000000061bb82e48) 
thrown [open/src/hotspot/share/runtime/reflection.cpp, line 1188]
Event: 567,134 Thread 0x00007f2dcd421800 Exception <a 'java/lang/reflect/InvocationTargetException'{0x000000061bb83910}> (0x000000061bb83910) 
thrown [open/src/hotspot/share/runtime/reflection.cpp, line 1188]
Event: 567,135 Thread 0x00007f2dcd421800 Exception <a 'java/lang/reflect/InvocationTargetException'{0x000000061bb85088}> (0x000000061bb85088) 
thrown [open/src/hotspot/share/runtime/reflection.cpp, line 1188]
Event: 567,135 Thread 0x00007f2dcd421800 Exception <a 'java/lang/NullPointerException'{0x000000061bb864f8}> (0x000000061bb864f8) 
thrown [open/src/hotspot/share/interpreter/linkResolver.cpp, line 1348]
Event: 567,135 Thread 0x00007f2dcd421800 Exception <a 'java/lang/reflect/InvocationTargetException'{0x000000061bb86d18}> (0x000000061bb86d18) 
thrown [open/src/hotspot/share/runtime/reflection.cpp, line 1188]
Event: 616,880 Thread 0x00007f2dcd426000 Exception <a 'java/lang/ClassCastException'{0x000000061b67cab0}: class org.springframework.security.web.servletapi.HttpServlet3RequestFactory$Servlet3SecurityContextHolderAwareRequestWrapper cannot be cast to class org.apache.catalina.connector.RequestFacade (org.springframework.security.web.servletapi.HttpServlet3RequestFactory$Servlet3SecurityContextHolderAwareRequestWrapper and org.apache.catalina.connector.RequestFacade are in unnamed module of loader 'app')> (0x000000061b67cab0) 
thrown [open/src/hots
Event: 765,427 Thread 0x00007f2dcd42e000 Exception <a 'java/lang/ClassCastException'{0x000000061cbf6ea0}: class org.springframework.security.web.servletapi.HttpServlet3RequestFactory$Servlet3SecurityContextHolderAwareRequestWrapper cannot be cast to class org.apache.catalina.connector.RequestFacade (org.springframework.security.web.servletapi.HttpServlet3RequestFactory$Servlet3SecurityContextHolderAwareRequestWrapper and org.apache.catalina.connector.RequestFacade are in unnamed module of loader 'app')> (0x000000061cbf6ea0) 
thrown [open/src/hots
Event: 779,235 Thread 0x00007f2dcd42f800 Exception <a 'java/lang/ClassCastException'{0x000000061ac7adb8}: class org.springframework.security.web.servletapi.HttpServlet3RequestFactory$Servlet3SecurityContextHolderAwareRequestWrapper cannot be cast to class org.apache.catalina.connector.RequestFacade (org.springframework.security.web.servletapi.HttpServlet3RequestFactory$Servlet3SecurityContextHolderAwareRequestWrapper and org.apache.catalina.connector.RequestFacade are in unnamed module of loader 'app')> (0x000000061ac7adb8) 
thrown [open/src/hots
Event: 779,237 Thread 0x00007f2dcd431800 Implicit null exception at 0x00007f2e55ab4492 to 0x0000000000000000

Events (20 events):
Event: 550,212 Executing VM operation: GetFrameCount
Event: 550,212 Executing VM operation: GetFrameCount done
Event: 550,213 Executing VM operation: GetStackTrace
Event: 550,213 Executing VM operation: GetStackTrace done
Event: 550,213 Executing VM operation: GetFrameCount
Event: 550,213 Executing VM operation: GetFrameCount done
Event: 550,213 Executing VM operation: GetStackTrace
Event: 550,213 Executing VM operation: GetStackTrace done
Event: 552,292 Executing VM operation: GetFrameCount
Event: 552,292 Executing VM operation: GetFrameCount done
Event: 552,292 Executing VM operation: GetStackTrace
Event: 552,292 Executing VM operation: GetStackTrace done
Event: 552,293 Executing VM operation: get/set locals
Event: 552,294 Executing VM operation: get/set locals done
Event: 616,882 Executing VM operation: HandshakeOneThread
Event: 616,882 Executing VM operation: HandshakeOneThread done
Event: 765,428 Executing VM operation: HandshakeOneThread
Event: 765,428 Executing VM operation: HandshakeOneThread done
Event: 779,237 Executing VM operation: HandshakeOneThread
Event: 779,237 Executing VM operation: HandshakeOneThread done


Dynamic libraries:
60b000000-61d200000 rw-p 00000000 00:00 0 
61d200000-62a400000 ---p 00000000 00:00 0 
62a400000-62a600000 rw-p 00000000 00:00 0 
62a600000-7ffc00000 ---p 00000000 00:00 0 
7ffc00000-7ffd00000 rw-p 00000000 00:00 0 
7ffd00000-7ffd52000 rw-p 00bbc000 08:13 668071                           /mnt/Dados/Programas/JDKs/OpenJDK-14/lib/server/classes.jsa
7ffd52000-7ffe00000 rw-p 00000000 00:00 0 
7ffe00000-7ffe7f000 rw-p 00b3d000 08:13 668071                           /mnt/Dados/Programas/JDKs/OpenJDK-14/lib/server/classes.jsa
7ffe7f000-800000000 rw-p 00000000 00:00 0 
800000000-800003000 rwxp 00001000 08:13 668071                           /mnt/Dados/Programas/JDKs/OpenJDK-14/lib/server/classes.jsa
800003000-8003e3000 rw-p 00004000 08:13 668071                           /mnt/Dados/Programas/JDKs/OpenJDK-14/lib/server/classes.jsa
8003e3000-800b0e000 rw-p 003e4000 08:13 668071                           /mnt/Dados/Programas/JDKs/OpenJDK-14/lib/server/classes.jsa
800b0e000-800b0f000 rw-p 00b0f000 08:13 668071                           /mnt/Dados/Programas/JDKs/OpenJDK-14/lib/server/classes.jsa
800b0f000-80138f000 rw-p 00000000 00:00 0 
80138f000-840b0f000 ---p 00000000 00:00 0 
55d15af91000-55d15af92000 r-xp 00000000 08:13 594790                     /mnt/Dados/Programas/JDKs/OpenJDK-14/bin/java
55d15af93000-55d15af94000 r--p 00001000 08:13 594790                     /mnt/Dados/Programas/JDKs/OpenJDK-14/bin/java
55d15af94000-55d15af95000 rw-p 00002000 08:13 594790                     /mnt/Dados/Programas/JDKs/OpenJDK-14/bin/java
55d15b7ba000-55d15b7db000 rw-p 00000000 00:00 0                          [heap]
7f2d58000000-7f2d58021000 rw-p 00000000 00:00 0 
7f2d58021000-7f2d5c000000 ---p 00000000 00:00 0 
7f2d5c000000-7f2d5c021000 rw-p 00000000 00:00 0 
7f2d5c021000-7f2d60000000 ---p 00000000 00:00 0 
7f2d60000000-7f2d60021000 rw-p 00000000 00:00 0 
7f2d60021000-7f2d64000000 ---p 00000000 00:00 0 
7f2d64000000-7f2d64021000 rw-p 00000000 00:00 0 
7f2d64021000-7f2d68000000 ---p 00000000 00:00 0 
7f2d68000000-7f2d6806b000 rw-p 00000000 00:00 0 
7f2d6806b000-7f2d6c000000 ---p 00000000 00:00 0 
7f2d6c000000-7f2d6c05c000 rw-p 00000000 00:00 0 
7f2d6c05c000-7f2d70000000 ---p 00000000 00:00 0 
7f2d70000000-7f2d7004c000 rw-p 00000000 00:00 0 
7f2d7004c000-7f2d74000000 ---p 00000000 00:00 0 
7f2d774f9000-7f2d77679000 rw-p 00000000 00:00 0 
7f2d77679000-7f2d776f9000 ---p 00000000 00:00 0 
7f2d776f9000-7f2d778f9000 rw-p 00000000 00:00 0 
7f2d778f9000-7f2d778fd000 ---p 00000000 00:00 0 
7f2d778fd000-7f2d779fa000 rw-p 00000000 00:00 0 
7f2d779fa000-7f2d779fe000 ---p 00000000 00:00 0 
7f2d779fe000-7f2d77afb000 rw-p 00000000 00:00 0 
7f2d77afb000-7f2d77aff000 ---p 00000000 00:00 0 
7f2d77aff000-7f2d77bfc000 rw-p 00000000 00:00 0 
7f2d77bfc000-7f2d77c00000 ---p 00000000 00:00 0 
7f2d77c00000-7f2d77cfd000 rw-p 00000000 00:00 0 
7f2d77cfd000-7f2d77d01000 ---p 00000000 00:00 0 
7f2d77d01000-7f2d77dfe000 rw-p 00000000 00:00 0 
7f2d77dfe000-7f2d77e02000 ---p 00000000 00:00 0 
7f2d77e02000-7f2d77eff000 rw-p 00000000 00:00 0 
7f2d77eff000-7f2d77f03000 ---p 00000000 00:00 0 
7f2d77f03000-7f2d78000000 rw-p 00000000 00:00 0 
7f2d78000000-7f2d78021000 rw-p 00000000 00:00 0 
7f2d78021000-7f2d7c000000 ---p 00000000 00:00 0 
7f2d7c000000-7f2d7c056000 rw-p 00000000 00:00 0 
7f2d7c056000-7f2d80000000 ---p 00000000 00:00 0 
7f2d80000000-7f2d80059000 rw-p 00000000 00:00 0 
7f2d80059000-7f2d84000000 ---p 00000000 00:00 0 
7f2d84000000-7f2d84044000 rw-p 00000000 00:00 0 
7f2d84044000-7f2d88000000 ---p 00000000 00:00 0 
7f2d88000000-7f2d8810f000 rw-p 00000000 00:00 0 
7f2d8810f000-7f2d8c000000 ---p 00000000 00:00 0 
7f2d8c000000-7f2d8c06d000 rw-p 00000000 00:00 0 
7f2d8c06d000-7f2d90000000 ---p 00000000 00:00 0 
7f2d90000000-7f2d90021000 rw-p 00000000 00:00 0 
7f2d90021000-7f2d94000000 ---p 00000000 00:00 0 
7f2d94000000-7f2d940a4000 rw-p 00000000 00:00 0 
7f2d940a4000-7f2d98000000 ---p 00000000 00:00 0 
7f2d98000000-7f2d98021000 rw-p 00000000 00:00 0 
7f2d98021000-7f2d9c000000 ---p 00000000 00:00 0 
7f2d9c000000-7f2d9c021000 rw-p 00000000 00:00 0 
7f2d9c021000-7f2da0000000 ---p 00000000 00:00 0 
7f2da0000000-7f2da0021000 rw-p 00000000 00:00 0 
7f2da0021000-7f2da4000000 ---p 00000000 00:00 0 
7f2da4000000-7f2da4021000 rw-p 00000000 00:00 0 
7f2da4021000-7f2da8000000 ---p 00000000 00:00 0 
7f2da8000000-7f2da8021000 rw-p 00000000 00:00 0 
7f2da8021000-7f2dac000000 ---p 00000000 00:00 0 
7f2dac000000-7f2dac021000 rw-p 00000000 00:00 0 
7f2dac021000-7f2db0000000 ---p 00000000 00:00 0 
7f2db0000000-7f2db0021000 rw-p 00000000 00:00 0 
7f2db0021000-7f2db4000000 ---p 00000000 00:00 0 
7f2db4000000-7f2db4021000 rw-p 00000000 00:00 0 
7f2db4021000-7f2db8000000 ---p 00000000 00:00 0 
7f2db8000000-7f2db8021000 rw-p 00000000 00:00 0 
7f2db8021000-7f2dbc000000 ---p 00000000 00:00 0 
7f2dbc000000-7f2dbc066000 rw-p 00000000 00:00 0 
7f2dbc066000-7f2dc0000000 ---p 00000000 00:00 0 
7f2dc0000000-7f2dc0188000 rw-p 00000000 00:00 0 
7f2dc0188000-7f2dc4000000 ---p 00000000 00:00 0 
7f2dc4000000-7f2dc4043000 rw-p 00000000 00:00 0 
7f2dc4043000-7f2dc8000000 ---p 00000000 00:00 0 
7f2dc8000000-7f2dc8021000 rw-p 00000000 00:00 0 
7f2dc8021000-7f2dcc000000 ---p 00000000 00:00 0 
7f2dcc000000-7f2dcd449000 rw-p 00000000 00:00 0 
7f2dcd449000-7f2dd0000000 ---p 00000000 00:00 0 
7f2dd0000000-7f2dd0021000 rw-p 00000000 00:00 0 
7f2dd0021000-7f2dd4000000 ---p 00000000 00:00 0 
7f2dd4000000-7f2dd4031000 rw-p 00000000 00:00 0 
7f2dd4031000-7f2dd8000000 ---p 00000000 00:00 0 
7f2dd8000000-7f2dd8021000 rw-p 00000000 00:00 0 
7f2dd8021000-7f2ddc000000 ---p 00000000 00:00 0 
7f2ddc000000-7f2ddc021000 rw-p 00000000 00:00 0 
7f2ddc021000-7f2de0000000 ---p 00000000 00:00 0 
7f2de00e3000-7f2de00e7000 ---p 00000000 00:00 0 
7f2de00e7000-7f2de01e4000 rw-p 00000000 00:00 0 
7f2de01e4000-7f2de01e8000 ---p 00000000 00:00 0 
7f2de01e8000-7f2de02e5000 rw-p 00000000 00:00 0 
7f2de02e5000-7f2de02e9000 ---p 00000000 00:00 0 
7f2de02e9000-7f2de03e6000 rw-p 00000000 00:00 0 
7f2de03e6000-7f2de03ea000 ---p 00000000 00:00 0 
7f2de03ea000-7f2de04e7000 rw-p 00000000 00:00 0 
7f2de04e7000-7f2de04eb000 ---p 00000000 00:00 0 
7f2de04eb000-7f2de05e8000 rw-p 00000000 00:00 0 
7f2de05e8000-7f2de05ec000 ---p 00000000 00:00 0 
7f2de05ec000-7f2de06e9000 rw-p 00000000 00:00 0 
7f2de06e9000-7f2de06ed000 ---p 00000000 00:00 0 
7f2de06ed000-7f2de07ea000 rw-p 00000000 00:00 0 
7f2de07ea000-7f2de07ee000 ---p 00000000 00:00 0 
7f2de07ee000-7f2de0aeb000 rw-p 00000000 00:00 0 
7f2de0aeb000-7f2de0ceb000 rw-p 00000000 00:00 0 
7f2de0ceb000-7f2de0eeb000 rw-p 00000000 00:00 0 
7f2de0eeb000-7f2de10eb000 rw-p 00000000 00:00 0 
7f2de10eb000-7f2de10ef000 ---p 00000000 00:00 0 
7f2de10ef000-7f2de13ec000 rw-p 00000000 00:00 0 
7f2de13ec000-7f2de13f0000 ---p 00000000 00:00 0 
7f2de13f0000-7f2de16ed000 rw-p 00000000 00:00 0 
7f2de16ed000-7f2de18ed000 rw-p 00000000 00:00 0 
7f2de18ed000-7f2de1aed000 rw-p 00000000 00:00 0 
7f2de1aed000-7f2de1af1000 ---p 00000000 00:00 0 
7f2de1af1000-7f2de1bee000 rw-p 00000000 00:00 0 
7f2de1bee000-7f2de1bf2000 ---p 00000000 00:00 0 
7f2de1bf2000-7f2de1eef000 rw-p 00000000 00:00 0 
7f2de1eef000-7f2de1ef3000 ---p 00000000 00:00 0 
7f2de1ef3000-7f2de21f0000 rw-p 00000000 00:00 0 
7f2de21f0000-7f2de23f0000 rw-p 00000000 00:00 0 
7f2de23f0000-7f2de23f4000 ---p 00000000 00:00 0 
7f2de23f4000-7f2de24f1000 rw-p 00000000 00:00 0 
7f2de24f1000-7f2de24f5000 ---p 00000000 00:00 0 
7f2de24f5000-7f2de27f2000 rw-p 00000000 00:00 0 
7f2de27f2000-7f2de29f2000 rw-p 00000000 00:00 0 
7f2de29f2000-7f2de2bf2000 rw-p 00000000 00:00 0 
7f2de2bf2000-7f2de2bf3000 ---p 00000000 00:00 0 
7f2de2bf3000-7f2de2ef4000 rw-p 00000000 00:00 0 
7f2de2ef4000-7f2de30f4000 rw-p 00000000 00:00 0 
7f2de30f4000-7f2de30f8000 ---p 00000000 00:00 0 
7f2de30f8000-7f2de31f5000 rw-p 00000000 00:00 0 
7f2de31f5000-7f2de31f9000 ---p 00000000 00:00 0 
7f2de31f9000-7f2de32f6000 rw-p 00000000 00:00 0 
7f2de32f6000-7f2de32fa000 ---p 00000000 00:00 0 
7f2de32fa000-7f2de35f7000 rw-p 00000000 00:00 0 
7f2de35f7000-7f2de37f7000 rw-p 00000000 00:00 0 
7f2de37f7000-7f2de39f7000 rw-p 00000000 00:00 0 
7f2de39f7000-7f2de39fb000 ---p 00000000 00:00 0 
7f2de39fb000-7f2de3af8000 rw-p 00000000 00:00 0 
7f2de3af8000-7f2de3afc000 ---p 00000000 00:00 0 
7f2de3afc000-7f2de3bf9000 rw-p 00000000 00:00 0 
7f2de3bf9000-7f2de3bfd000 ---p 00000000 00:00 0 
7f2de3bfd000-7f2de3cfa000 rw-p 00000000 00:00 0 
7f2de3cfa000-7f2de3cfb000 ---p 00000000 00:00 0 
7f2de3cfb000-7f2de3dfc000 rw-p 00000000 00:00 0 
7f2de3dfc000-7f2de3dfd000 ---p 00000000 00:00 0 
7f2de3dfd000-7f2de3efe000 rw-p 00000000 00:00 0 
7f2de3efe000-7f2de3eff000 ---p 00000000 00:00 0 
7f2de3eff000-7f2de4000000 rw-p 00000000 00:00 0 
7f2de4000000-7f2de4021000 rw-p 00000000 00:00 0 
7f2de4021000-7f2de8000000 ---p 00000000 00:00 0 
7f2de8000000-7f2de8021000 rw-p 00000000 00:00 0 
7f2de8021000-7f2dec000000 ---p 00000000 00:00 0 
7f2dec000000-7f2dec021000 rw-p 00000000 00:00 0 
7f2dec021000-7f2df0000000 ---p 00000000 00:00 0 
7f2df0000000-7f2df0021000 rw-p 00000000 00:00 0 
7f2df0021000-7f2df4000000 ---p 00000000 00:00 0 
7f2df4000000-7f2df4021000 rw-p 00000000 00:00 0 
7f2df4021000-7f2df8000000 ---p 00000000 00:00 0 
7f2df8000000-7f2df8021000 rw-p 00000000 00:00 0 
7f2df8021000-7f2dfc000000 ---p 00000000 00:00 0 
7f2dfc000000-7f2dfc100000 rw-p 00000000 00:00 0 
7f2dfc100000-7f2e00000000 ---p 00000000 00:00 0 
7f2e00000000-7f2e00021000 rw-p 00000000 00:00 0 
7f2e00021000-7f2e04000000 ---p 00000000 00:00 0 
7f2e04000000-7f2e04021000 rw-p 00000000 00:00 0 
7f2e04021000-7f2e08000000 ---p 00000000 00:00 0 
7f2e08000000-7f2e08032000 rw-p 00000000 00:00 0 
7f2e08032000-7f2e0c000000 ---p 00000000 00:00 0 
7f2e0c000000-7f2e0c647000 rw-p 00000000 00:00 0 
7f2e0c647000-7f2e10000000 ---p 00000000 00:00 0 
7f2e10000000-7f2e10021000 rw-p 00000000 00:00 0 
7f2e10021000-7f2e14000000 ---p 00000000 00:00 0 
7f2e14000000-7f2e14021000 rw-p 00000000 00:00 0 
7f2e14021000-7f2e18000000 ---p 00000000 00:00 0 
7f2e18000000-7f2e18021000 rw-p 00000000 00:00 0 
7f2e18021000-7f2e1c000000 ---p 00000000 00:00 0 
7f2e1c000000-7f2e1c021000 rw-p 00000000 00:00 0 
7f2e1c021000-7f2e20000000 ---p 00000000 00:00 0 
7f2e20000000-7f2e20021000 rw-p 00000000 00:00 0 
7f2e20021000-7f2e24000000 ---p 00000000 00:00 0 
7f2e24000000-7f2e24021000 rw-p 00000000 00:00 0 
7f2e24021000-7f2e28000000 ---p 00000000 00:00 0 
7f2e28000000-7f2e28186000 rw-p 00000000 00:00 0 
7f2e28186000-7f2e2c000000 ---p 00000000 00:00 0 
7f2e2c000000-7f2e2c021000 rw-p 00000000 00:00 0 
7f2e2c021000-7f2e30000000 ---p 00000000 00:00 0 
7f2e3009e000-7f2e300de000 r-xp 00000000 08:13 668056                     /mnt/Dados/Programas/JDKs/OpenJDK-14/lib/libsunec.so
7f2e300de000-7f2e300df000 ---p 00040000 08:13 668056                     /mnt/Dados/Programas/JDKs/OpenJDK-14/lib/libsunec.so
7f2e300df000-7f2e300e4000 r--p 00040000 08:13 668056                     /mnt/Dados/Programas/JDKs/OpenJDK-14/lib/libsunec.so
7f2e300e4000-7f2e300e6000 rw-p 00045000 08:13 668056                     /mnt/Dados/Programas/JDKs/OpenJDK-14/lib/libsunec.so
7f2e300e6000-7f2e300e7000 ---p 00000000 00:00 0 
7f2e300e7000-7f2e301e8000 rw-p 00000000 00:00 0 
7f2e301e8000-7f2e301e9000 ---p 00000000 00:00 0 
7f2e301e9000-7f2e302ea000 rw-p 00000000 00:00 0 
7f2e302ea000-7f2e302eb000 ---p 00000000 00:00 0 
7f2e302eb000-7f2e303ec000 rw-p 00000000 00:00 0 
7f2e303ec000-7f2e303ed000 ---p 00000000 00:00 0 
7f2e303ed000-7f2e304ee000 rw-p 00000000 00:00 0 
7f2e304ee000-7f2e30514000 r--p 00000000 08:06 1451239                    /usr/share/locale-langpack/pt_BR/LC_MESSAGES/libc.mo
7f2e30514000-7f2e30515000 ---p 00000000 00:00 0 
7f2e30515000-7f2e30616000 rw-p 00000000 00:00 0 
7f2e30616000-7f2e3061a000 ---p 00000000 00:00 0 
7f2e3061a000-7f2e30717000 rw-p 00000000 00:00 0 
7f2e30717000-7f2e3071b000 ---p 00000000 00:00 0 
7f2e3071b000-7f2e30818000 rw-p 00000000 00:00 0 
7f2e30818000-7f2e3081c000 ---p 00000000 00:00 0 
7f2e3081c000-7f2e30919000 rw-p 00000000 00:00 0 
7f2e30919000-7f2e3091d000 ---p 00000000 00:00 0 
7f2e3091d000-7f2e30a1a000 rw-p 00000000 00:00 0 
7f2e30a1a000-7f2e30a1e000 ---p 00000000 00:00 0 
7f2e30a1e000-7f2e30b1b000 rw-p 00000000 00:00 0 
7f2e30b1b000-7f2e30b1f000 ---p 00000000 00:00 0 
7f2e30b1f000-7f2e30c1c000 rw-p 00000000 00:00 0 
7f2e30c1c000-7f2e30c20000 ---p 00000000 00:00 0 
7f2e30c20000-7f2e30d1d000 rw-p 00000000 00:00 0 
7f2e30d1d000-7f2e30d21000 ---p 00000000 00:00 0 
7f2e30d21000-7f2e30e1e000 rw-p 00000000 00:00 0 
7f2e30e1e000-7f2e30e22000 ---p 00000000 00:00 0 
7f2e30e22000-7f2e30f1f000 rw-p 00000000 00:00 0 
7f2e30f1f000-7f2e30f23000 ---p 00000000 00:00 0 
7f2e30f23000-7f2e31020000 rw-p 00000000 00:00 0 
7f2e31020000-7f2e31dfe000 r--p 00000000 08:06 268739                     /usr/lib/locale/locale-archive
7f2e31dfe000-7f2e31e02000 ---p 00000000 00:00 0 
7f2e31e02000-7f2e31eff000 rw-p 00000000 00:00 0 
7f2e31eff000-7f2e31f03000 ---p 00000000 00:00 0 
7f2e31f03000-7f2e34000000 rw-p 00000000 00:00 0 
7f2e34000000-7f2e34021000 rw-p 00000000 00:00 0 
7f2e34021000-7f2e38000000 ---p 00000000 00:00 0 
7f2e38000000-7f2e38021000 rw-p 00000000 00:00 0 
7f2e38021000-7f2e3c000000 ---p 00000000 00:00 0 
7f2e3c000000-7f2e3c021000 rw-p 00000000 00:00 0 
7f2e3c021000-7f2e40000000 ---p 00000000 00:00 0 
7f2e40000000-7f2e40005000 r-xp 00000000 08:13 668047                     /mnt/Dados/Programas/JDKs/OpenJDK-14/lib/libmanagement_ext.so
7f2e40005000-7f2e40006000 r--p 00004000 08:13 668047                     /mnt/Dados/Programas/JDKs/OpenJDK-14/lib/libmanagement_ext.so
7f2e40006000-7f2e40007000 rw-p 00005000 08:13 668047                     /mnt/Dados/Programas/JDKs/OpenJDK-14/lib/libmanagement_ext.so
7f2e40007000-7f2e4000b000 r-xp 00000000 08:13 668045                     /mnt/Dados/Programas/JDKs/OpenJDK-14/lib/libmanagement.so
7f2e4000b000-7f2e4000c000 r--p 00003000 08:13 668045                     /mnt/Dados/Programas/JDKs/OpenJDK-14/lib/libmanagement.so
7f2e4000c000-7f2e4000d000 rw-p 00004000 08:13 668045                     /mnt/Dados/Programas/JDKs/OpenJDK-14/lib/libmanagement.so
7f2e4000d000-7f2e40022000 r-xp 00000000 08:13 668049                     /mnt/Dados/Programas/JDKs/OpenJDK-14/lib/libnet.so
7f2e40022000-7f2e40023000 r--p 00014000 08:13 668049                     /mnt/Dados/Programas/JDKs/OpenJDK-14/lib/libnet.so
7f2e40023000-7f2e40024000 rw-p 00015000 08:13 668049                     /mnt/Dados/Programas/JDKs/OpenJDK-14/lib/libnet.so
7f2e40024000-7f2e40025000 ---p 00000000 00:00 0 
7f2e40025000-7f2e40a43000 rw-p 00000000 00:00 0 
7f2e40a43000-7f2e40a44000 ---p 00000000 00:00 0 
7f2e40a44000-7f2e40b45000 rw-p 00000000 00:00 0 
7f2e40b45000-7f2e40b46000 ---p 00000000 00:00 0 
7f2e40b46000-7f2e4144f000 rw-p 00000000 00:00 0 
7f2e4144f000-7f2e41450000 ---p 00000000 00:00 0 
7f2e41450000-7f2e41551000 rw-p 00000000 00:00 0 
7f2e41551000-7f2e41552000 ---p 00000000 00:00 0 
7f2e41552000-7f2e41653000 rw-p 00000000 00:00 0 
7f2e41653000-7f2e41654000 ---p 00000000 00:00 0 
7f2e41654000-7f2e41ce0000 rw-p 00000000 00:00 0 
7f2e41ce0000-7f2e42028000 ---p 00000000 00:00 0 
7f2e42028000-7f2e42030000 rw-p 00000000 00:00 0 
7f2e42030000-7f2e49588000 ---p 00000000 00:00 0 
7f2e49588000-7f2e49a20000 rw-p 00000000 00:00 0 
7f2e49a20000-7f2e49d68000 ---p 00000000 00:00 0 
7f2e49d68000-7f2e49d70000 rw-p 00000000 00:00 0 
7f2e49d70000-7f2e512c8000 ---p 00000000 00:00 0 
7f2e512c8000-7f2e51369000 rw-p 00000000 00:00 0 
7f2e51369000-7f2e513d2000 ---p 00000000 00:00 0 
7f2e513d2000-7f2e513d3000 rw-p 00000000 00:00 0 
7f2e513d3000-7f2e5227e000 ---p 00000000 00:00 0 
7f2e5227e000-7f2e52311000 rw-p 00000000 00:00 0 
7f2e52311000-7f2e5237a000 ---p 00000000 00:00 0 
7f2e5237a000-7f2e5237b000 rw-p 00000000 00:00 0 
7f2e5237b000-7f2e53226000 ---p 00000000 00:00 0 
7f2e53226000-7f2e532b9000 rw-p 00000000 00:00 0 
7f2e532b9000-7f2e53322000 ---p 00000000 00:00 0 
7f2e53322000-7f2e53323000 rw-p 00000000 00:00 0 
7f2e53323000-7f2e541ce000 ---p 00000000 00:00 0 
7f2e541ce000-7f2e546d5000 rw-p 00000000 00:00 0 
7f2e546d5000-7f2e54945000 rwxp 00000000 00:00 0 
7f2e54945000-7f2e54e09000 ---p 00000000 00:00 0 
7f2e54e09000-7f2e55ab9000 rwxp 00000000 00:00 0 
7f2e55ab9000-7f2e636d5000 ---p 00000000 00:00 0 
7f2e636d5000-7f2e6c000000 r--s 00000000 08:13 668059                     /mnt/Dados/Programas/JDKs/OpenJDK-14/lib/modules
7f2e6c000000-7f2e6c952000 rw-p 00000000 00:00 0 
7f2e6c952000-7f2e70000000 ---p 00000000 00:00 0 
7f2e70000000-7f2e70002000 r-xp 00000000 08:13 668029                     /mnt/Dados/Programas/JDKs/OpenJDK-14/lib/libextnet.so
7f2e70002000-7f2e70003000 r--p 00001000 08:13 668029                     /mnt/Dados/Programas/JDKs/OpenJDK-14/lib/libextnet.so
7f2e70003000-7f2e70004000 rw-p 00002000 08:13 668029                     /mnt/Dados/Programas/JDKs/OpenJDK-14/lib/libextnet.so
7f2e70004000-7f2e70015000 r-xp 00000000 08:13 668050                     /mnt/Dados/Programas/JDKs/OpenJDK-14/lib/libnio.so
7f2e70015000-7f2e70016000 ---p 00011000 08:13 668050                     /mnt/Dados/Programas/JDKs/OpenJDK-14/lib/libnio.so
7f2e70016000-7f2e70017000 r--p 00011000 08:13 668050                     /mnt/Dados/Programas/JDKs/OpenJDK-14/lib/libnio.so
7f2e70017000-7f2e70018000 rw-p 00012000 08:13 668050                     /mnt/Dados/Programas/JDKs/OpenJDK-14/lib/libnio.so
7f2e70018000-7f2e7001d000 r-xp 00000000 08:13 668028                     /mnt/Dados/Programas/JDKs/OpenJDK-14/lib/libdt_socket.so
7f2e7001d000-7f2e7001e000 r--p 00004000 08:13 668028                     /mnt/Dados/Programas/JDKs/OpenJDK-14/lib/libdt_socket.so
7f2e7001e000-7f2e7001f000 rw-p 00005000 08:13 668028                     /mnt/Dados/Programas/JDKs/OpenJDK-14/lib/libdt_socket.so
7f2e7001f000-7f2e70026000 r--s 00000000 08:06 790164                     /usr/lib/x86_64-linux-gnu/gconv/gconv-modules.cache
7f2e70026000-7f2e70382000 rw-p 00000000 00:00 0 
7f2e70382000-7f2e7053a000 ---p 00000000 00:00 0 
7f2e7053a000-7f2e7053d000 r--p 00000000 08:06 270903                     /usr/lib/x86_64-linux-gnu/libnss_files-2.31.so
7f2e7053d000-7f2e70544000 r-xp 00003000 08:06 270903                     /usr/lib/x86_64-linux-gnu/libnss_files-2.31.so
7f2e70544000-7f2e70546000 r--p 0000a000 08:06 270903                     /usr/lib/x86_64-linux-gnu/libnss_files-2.31.so
7f2e70546000-7f2e70547000 r--p 0000b000 08:06 270903                     /usr/lib/x86_64-linux-gnu/libnss_files-2.31.so
7f2e70547000-7f2e70548000 rw-p 0000c000 08:06 270903                     /usr/lib/x86_64-linux-gnu/libnss_files-2.31.so
7f2e70548000-7f2e7054e000 rw-p 00000000 00:00 0 
7f2e70550000-7f2e70555000 rw-p 00000000 00:00 0 
7f2e70555000-7f2e7055f000 ---p 00000000 00:00 0 
7f2e7055f000-7f2e70566000 r-xp 00000000 08:13 668058                     /mnt/Dados/Programas/JDKs/OpenJDK-14/lib/libzip.so
7f2e70566000-7f2e70567000 r--p 00006000 08:13 668058                     /mnt/Dados/Programas/JDKs/OpenJDK-14/lib/libzip.so
7f2e70567000-7f2e70568000 rw-p 00007000 08:13 668058                     /mnt/Dados/Programas/JDKs/OpenJDK-14/lib/libzip.so
7f2e70568000-7f2e7058c000 r-xp 00000000 08:13 668036                     /mnt/Dados/Programas/JDKs/OpenJDK-14/lib/libjava.so
7f2e7058c000-7f2e7058d000 r--p 00023000 08:13 668036                     /mnt/Dados/Programas/JDKs/OpenJDK-14/lib/libjava.so
7f2e7058d000-7f2e7058f000 rw-p 00024000 08:13 668036                     /mnt/Dados/Programas/JDKs/OpenJDK-14/lib/libjava.so
7f2e7058f000-7f2e705cb000 r-xp 00000000 08:13 668039                     /mnt/Dados/Programas/JDKs/OpenJDK-14/lib/libjdwp.so
7f2e705cb000-7f2e705cc000 r--p 0003b000 08:13 668039                     /mnt/Dados/Programas/JDKs/OpenJDK-14/lib/libjdwp.so
7f2e705cc000-7f2e705cd000 rw-p 0003c000 08:13 668039                     /mnt/Dados/Programas/JDKs/OpenJDK-14/lib/libjdwp.so
7f2e705cd000-7f2e705e8000 r-xp 00000000 08:13 668040                     /mnt/Dados/Programas/JDKs/OpenJDK-14/lib/libjimage.so
7f2e705e8000-7f2e705ea000 r--p 0001a000 08:13 668040                     /mnt/Dados/Programas/JDKs/OpenJDK-14/lib/libjimage.so
7f2e705ea000-7f2e705eb000 rw-p 0001c000 08:13 668040                     /mnt/Dados/Programas/JDKs/OpenJDK-14/lib/libjimage.so
7f2e705eb000-7f2e705ee000 r--p 00000000 08:06 271105                     /usr/lib/x86_64-linux-gnu/librt-2.31.so
7f2e705ee000-7f2e705f2000 r-xp 00003000 08:06 271105                     /usr/lib/x86_64-linux-gnu/librt-2.31.so
7f2e705f2000-7f2e705f3000 r--p 00007000 08:06 271105                     /usr/lib/x86_64-linux-gnu/librt-2.31.so
7f2e705f3000-7f2e705f4000 ---p 00008000 08:06 271105                     /usr/lib/x86_64-linux-gnu/librt-2.31.so
7f2e705f4000-7f2e705f5000 r--p 00008000 08:06 271105                     /usr/lib/x86_64-linux-gnu/librt-2.31.so
7f2e705f5000-7f2e705f6000 rw-p 00009000 08:06 271105                     /usr/lib/x86_64-linux-gnu/librt-2.31.so
7f2e705f6000-7f2e705fa000 ---p 00000000 00:00 0 
7f2e705fa000-7f2e706f7000 rw-p 00000000 00:00 0 
7f2e706f7000-7f2e70706000 r--p 00000000 08:06 270782                     /usr/lib/x86_64-linux-gnu/libm-2.31.so
7f2e70706000-7f2e707ad000 r-xp 0000f000 08:06 270782                     /usr/lib/x86_64-linux-gnu/libm-2.31.so
7f2e707ad000-7f2e70844000 r--p 000b6000 08:06 270782                     /usr/lib/x86_64-linux-gnu/libm-2.31.so
7f2e70844000-7f2e70845000 r--p 0014c000 08:06 270782                     /usr/lib/x86_64-linux-gnu/libm-2.31.so
7f2e70845000-7f2e70846000 rw-p 0014d000 08:06 270782                     /usr/lib/x86_64-linux-gnu/libm-2.31.so
7f2e70846000-7f2e71855000 r-xp 00000000 08:13 668073                     /mnt/Dados/Programas/JDKs/OpenJDK-14/lib/server/libjvm.so
7f2e71855000-7f2e71856000 ---p 0100f000 08:13 668073                     /mnt/Dados/Programas/JDKs/OpenJDK-14/lib/server/libjvm.so
7f2e71856000-7f2e718fa000 r--p 0100f000 08:13 668073                     /mnt/Dados/Programas/JDKs/OpenJDK-14/lib/server/libjvm.so
7f2e718fa000-7f2e71932000 rw-p 010b3000 08:13 668073                     /mnt/Dados/Programas/JDKs/OpenJDK-14/lib/server/libjvm.so
7f2e71932000-7f2e719b5000 rw-p 00000000 00:00 0 
7f2e719b5000-7f2e719da000 r--p 00000000 08:06 270146                     /usr/lib/x86_64-linux-gnu/libc-2.31.so
7f2e719da000-7f2e71b52000 r-xp 00025000 08:06 270146                     /usr/lib/x86_64-linux-gnu/libc-2.31.so
7f2e71b52000-7f2e71b9c000 r--p 0019d000 08:06 270146                     /usr/lib/x86_64-linux-gnu/libc-2.31.so
7f2e71b9c000-7f2e71b9d000 ---p 001e7000 08:06 270146                     /usr/lib/x86_64-linux-gnu/libc-2.31.so
7f2e71b9d000-7f2e71ba0000 r--p 001e7000 08:06 270146                     /usr/lib/x86_64-linux-gnu/libc-2.31.so
7f2e71ba0000-7f2e71ba3000 rw-p 001ea000 08:06 270146                     /usr/lib/x86_64-linux-gnu/libc-2.31.so
7f2e71ba3000-7f2e71ba7000 rw-p 00000000 00:00 0 
7f2e71ba7000-7f2e71ba8000 r--p 00000000 08:06 270281                     /usr/lib/x86_64-linux-gnu/libdl-2.31.so
7f2e71ba8000-7f2e71baa000 r-xp 00001000 08:06 270281                     /usr/lib/x86_64-linux-gnu/libdl-2.31.so
7f2e71baa000-7f2e71bab000 r--p 00003000 08:06 270281                     /usr/lib/x86_64-linux-gnu/libdl-2.31.so
7f2e71bab000-7f2e71bac000 r--p 00003000 08:06 270281                     /usr/lib/x86_64-linux-gnu/libdl-2.31.so
7f2e71bac000-7f2e71bad000 rw-p 00004000 08:06 270281                     /usr/lib/x86_64-linux-gnu/libdl-2.31.so
7f2e71bad000-7f2e71bb4000 r--p 00000000 08:06 271044                     /usr/lib/x86_64-linux-gnu/libpthread-2.31.so
7f2e71bb4000-7f2e71bc5000 r-xp 00007000 08:06 271044                     /usr/lib/x86_64-linux-gnu/libpthread-2.31.so
7f2e71bc5000-7f2e71bca000 r--p 00018000 08:06 271044                     /usr/lib/x86_64-linux-gnu/libpthread-2.31.so
7f2e71bca000-7f2e71bcb000 r--p 0001c000 08:06 271044                     /usr/lib/x86_64-linux-gnu/libpthread-2.31.so
7f2e71bcb000-7f2e71bcc000 rw-p 0001d000 08:06 271044                     /usr/lib/x86_64-linux-gnu/libpthread-2.31.so
7f2e71bcc000-7f2e71bd0000 rw-p 00000000 00:00 0 
7f2e71bd0000-7f2e71bde000 r-xp 00000000 08:13 668041                     /mnt/Dados/Programas/JDKs/OpenJDK-14/lib/libjli.so
7f2e71bde000-7f2e71bdf000 ---p 0000e000 08:13 668041                     /mnt/Dados/Programas/JDKs/OpenJDK-14/lib/libjli.so
7f2e71bdf000-7f2e71be0000 r--p 0000e000 08:13 668041                     /mnt/Dados/Programas/JDKs/OpenJDK-14/lib/libjli.so
7f2e71be0000-7f2e71be1000 rw-p 0000f000 08:13 668041                     /mnt/Dados/Programas/JDKs/OpenJDK-14/lib/libjli.so
7f2e71be1000-7f2e71be3000 r--p 00000000 08:06 271458                     /usr/lib/x86_64-linux-gnu/libz.so.1.2.11
7f2e71be3000-7f2e71bf4000 r-xp 00002000 08:06 271458                     /usr/lib/x86_64-linux-gnu/libz.so.1.2.11
7f2e71bf4000-7f2e71bfa000 r--p 00013000 08:06 271458                     /usr/lib/x86_64-linux-gnu/libz.so.1.2.11
7f2e71bfa000-7f2e71bfb000 ---p 00019000 08:06 271458                     /usr/lib/x86_64-linux-gnu/libz.so.1.2.11
7f2e71bfb000-7f2e71bfc000 r--p 00019000 08:06 271458                     /usr/lib/x86_64-linux-gnu/libz.so.1.2.11
7f2e71bfc000-7f2e71bfd000 rw-p 0001a000 08:06 271458                     /usr/lib/x86_64-linux-gnu/libz.so.1.2.11
7f2e71bfd000-7f2e71bff000 rw-p 00000000 00:00 0 
7f2e71c02000-7f2e71c03000 r--s 00002000 07:17 3585                       /snap/intellij-idea-ultimate/248/plugins/java/lib/rt/debugger-agent-storage.jar
7f2e71c03000-7f2e71c0b000 rw-s 00000000 08:06 2110854                    /tmp/hsperfdata_cleiton/84341
7f2e71c0b000-7f2e71c15000 r-xp 00000000 08:13 668031                     /mnt/Dados/Programas/JDKs/OpenJDK-14/lib/libinstrument.so
7f2e71c15000-7f2e71c16000 r--p 00009000 08:13 668031                     /mnt/Dados/Programas/JDKs/OpenJDK-14/lib/libinstrument.so
7f2e71c16000-7f2e71c17000 rw-p 0000a000 08:13 668031                     /mnt/Dados/Programas/JDKs/OpenJDK-14/lib/libinstrument.so
7f2e71c17000-7f2e71c18000 ---p 00000000 00:00 0 
7f2e71c18000-7f2e71c19000 r--p 00000000 00:00 0 
7f2e71c19000-7f2e71c1a000 r--p 00000000 08:06 269935                     /usr/lib/x86_64-linux-gnu/ld-2.31.so
7f2e71c1a000-7f2e71c3d000 r-xp 00001000 08:06 269935                     /usr/lib/x86_64-linux-gnu/ld-2.31.so
7f2e71c3d000-7f2e71c45000 r--p 00024000 08:06 269935                     /usr/lib/x86_64-linux-gnu/ld-2.31.so
7f2e71c45000-7f2e71c46000 ---p 00000000 00:00 0 
7f2e71c46000-7f2e71c47000 r--p 0002c000 08:06 269935                     /usr/lib/x86_64-linux-gnu/ld-2.31.so
7f2e71c47000-7f2e71c48000 rw-p 0002d000 08:06 269935                     /usr/lib/x86_64-linux-gnu/ld-2.31.so
7f2e71c48000-7f2e71c49000 rw-p 00000000 00:00 0 
7ffcc6b3c000-7ffcc6b5f000 rw-p 00000000 00:00 0                          [stack]
7ffcc6baa000-7ffcc6bad000 r--p 00000000 00:00 0                          [vvar]
7ffcc6bad000-7ffcc6bae000 r-xp 00000000 00:00 0                          [vdso]
ffffffffff600000-ffffffffff601000 --xp 00000000 00:00 0                  [vsyscall]


VM Arguments:
jvm_args: -agentlib:jdwp=transport=dt_socket,address=127.0.0.1:33787,suspend=y,server=n -XX:TieredStopAtLevel=1 -Xverify:none -Dspring.output.ansi.enabled=always -Dcom.sun.management.jmxremote -Dspring.jmx.enabled=true -Dspring.liveBeansView.mbeanDomain -Dspring.application.admin.enabled=true -javaagent:/snap/intellij-idea-ultimate/248/plugins/java/lib/rt/debugger-agent.jar -Dfile.encoding=UTF-8 
java_command: br.zprint.BrZprintApplication
java_class_path (initial): /mnt/Dados/html/java/zprint/target/classes:/home/cleiton/.m2/repository/org/springframework/boot/spring-boot-starter-data-jpa/2.3.2.RELEASE/spring-boot-starter-data-jpa-2.3.2.RELEASE.jar:/home/cleiton/.m2/repository/org/springframework/boot/spring-boot-starter-aop/2.3.2.RELEASE/spring-boot-starter-aop-2.3.2.RELEASE.jar:/home/cleiton/.m2/repository/org/aspectj/aspectjweaver/1.9.6/aspectjweaver-1.9.6.jar:/home/cleiton/.m2/repository/org/springframework/boot/spring-boot-starter-jdbc/2.3.2.RELEASE/spring-boot-starter-jdbc-2.3.2.RELEASE.jar:/home/cleiton/.m2/repository/com/zaxxer/HikariCP/3.4.5/HikariCP-3.4.5.jar:/home/cleiton/.m2/repository/org/springframework/spring-jdbc/5.2.8.RELEASE/spring-jdbc-5.2.8.RELEASE.jar:/home/cleiton/.m2/repository/jakarta/transaction/jakarta.transaction-api/1.3.3/jakarta.transaction-api-1.3.3.jar:/home/cleiton/.m2/repository/jakarta/persistence/jakarta.persistence-api/2.2.3/jakarta.persistence-api-2.2.3.jar:/home/cleiton/.m2/repository/org/hibernate/hibernate-core/5.4.18.Final/hibernate-core-5.4.18.Final.jar:/home/cleiton/.m2/repository/org/jboss/logging/jboss-logging/3.4.1.Final/jboss-logging-3.4.1.Final.jar:/home/cleiton/.m2/repository/org/javassist/javassist/3.24.0-GA/javassist-3.24.0-GA.jar:/home/cleiton/.m2/repository/net/bytebuddy/byte-buddy/1.10.13/byte-buddy-1.10.13.jar:/home/cleiton/.m2/repository/antlr/antlr/2.7.7/antlr-2.7.7.jar:/home/cleiton/.m2/repository/org/jboss/jandex/2.1.3.Final/jandex-2.1.3.Final.jar:/home/cleiton/.m2/repository/com/fasterxml/classmate/1.5.1/classmate-1.5.1.jar:/home/cleiton/.m2/repository/org/dom4j/dom4j/2.1.3/dom4j-2.1.3.jar:/home/cleiton/.m2/repository/org/hibernate/common/hibernate-commons-annotations/5.1.0.Final/hibernate-commons-annotations-5.1.0.Final.jar:/home/cleiton/.m2/repository/org/glassfish/jaxb/jaxb-runtime/2.3.3/jaxb-runtime-2.3.3.jar:/home/cleiton/.m2/repository/org/glassfish/jaxb/txw2/2.3.3/txw2-2.3.3.jar:/home/cleiton/.m2/repository/com/sun/istack/istack-com
Launcher Type: SUN_STANDARD

[Global flags]
     intx CICompilerCount                          = 4                                         {product} {ergonomic}
     uint ConcGCThreads                            = 2                                         {product} {ergonomic}
     uint G1ConcRefinementThreads                  = 8                                         {product} {ergonomic}
   size_t G1HeapRegionSize                         = 2097152                                   {product} {ergonomic}
    uintx GCDrainStackTargetSize                   = 64                                        {product} {ergonomic}
   size_t InitialHeapSize                          = 526385152                                 {product} {ergonomic}
     bool ManagementServer                         = true                                      {product} {command line}
   size_t MarkStackSize                            = 4194304                                   {product} {ergonomic}
   size_t MaxHeapSize                              = 8405385216                                {product} {ergonomic}
   size_t MaxNewSize                               = 5041553408                                {product} {ergonomic}
   size_t MinHeapDeltaBytes                        = 2097152                                   {product} {ergonomic}
   size_t MinHeapSize                              = 8388608                                   {product} {ergonomic}
    uintx NonNMethodCodeHeapSize                   = 7549744                                {pd product} {ergonomic}
    uintx NonProfiledCodeHeapSize                  = 244108496                              {pd product} {ergonomic}
    uintx ProfiledCodeHeapSize                     = 0                                      {pd product} {ergonomic}
    uintx ReservedCodeCacheSize                    = 251658240                              {pd product} {ergonomic}
     bool SegmentedCodeCache                       = true                                      {product} {ergonomic}
   size_t SoftMaxHeapSize                          = 8405385216                             {manageable} {ergonomic}
     intx TieredStopAtLevel                        = 1                                         {product} {command line}
     bool UseCompressedClassPointers               = true                                 {lp64_product} {ergonomic}
     bool UseCompressedOops                        = true                                 {lp64_product} {ergonomic}
     bool UseG1GC                                  = true                                      {product} {ergonomic}

Logging:
Log output configuration:
 #0: stdout all=warning uptime,level,tags
 #1: stderr all=off uptime,level,tags

Environment Variables:
PATH=/usr/local/sbin:/usr/local/bin:/usr/sbin:/usr/bin:/sbin:/bin:/usr/games:/usr/local/games:/snap/bin
USERNAME=cleiton
SHELL=/bin/bash
DISPLAY=:1

Signal Handlers:
SIGSEGV: [libjvm.so+0xd30e60], sa_mask[0]=11111111011111111101111111111110, sa_flags=SA_RESTART|SA_SIGINFO
SIGBUS: [libjvm.so+0xd30e60], sa_mask[0]=11111111011111111101111111111110, sa_flags=SA_RESTART|SA_SIGINFO
SIGFPE: [libjvm.so+0xd30e60], sa_mask[0]=11111111011111111101111111111110, sa_flags=SA_RESTART|SA_SIGINFO
SIGPIPE: [libjvm.so+0xb1bca0], sa_mask[0]=11111111011111111101111111111110, sa_flags=SA_RESTART|SA_SIGINFO
SIGXFSZ: [libjvm.so+0xb1bca0], sa_mask[0]=11111111011111111101111111111110, sa_flags=SA_RESTART|SA_SIGINFO
SIGILL: [libjvm.so+0xd30e60], sa_mask[0]=11111111011111111101111111111110, sa_flags=SA_RESTART|SA_SIGINFO
SIGUSR2: [libjvm.so+0xb1bb30], sa_mask[0]=00100000000000000000000000000000, sa_flags=SA_RESTART|SA_SIGINFO
SIGHUP: [libjvm.so+0xb1c2a0], sa_mask[0]=11111111011111111101111111111110, sa_flags=SA_RESTART|SA_SIGINFO
SIGINT: [libjvm.so+0xb1c2a0], sa_mask[0]=11111111011111111101111111111110, sa_flags=SA_RESTART|SA_SIGINFO
SIGTERM: [libjvm.so+0xb1c2a0], sa_mask[0]=11111111011111111101111111111110, sa_flags=SA_RESTART|SA_SIGINFO
SIGQUIT: [libjvm.so+0xb1c2a0], sa_mask[0]=11111111011111111101111111111110, sa_flags=SA_RESTART|SA_SIGINFO


---------------  S Y S T E M  ---------------

OS:DISTRIB_ID=Ubuntu
DISTRIB_RELEASE=20.04
DISTRIB_CODENAME=focal
DISTRIB_DESCRIPTION="Ubuntu 20.04.1 LTS"
uname:Linux 5.4.0-47-generic #51-Ubuntu SMP Fri Sep 4 19:50:52 UTC 2020 x86_64
OS uptime: 0 days 11:07 hours
libc:glibc 2.31 NPTL 2.31 
rlimit: STACK 8192k, CORE 0k, NPROC 128035, NOFILE 1048576, AS infinity, DATA infinity, FSIZE infinity
load average:1,15 1,12 1,03

/proc/meminfo:
MemTotal:       32833336 kB
MemFree:         7405932 kB
MemAvailable:   22512800 kB
Buffers:         3123096 kB
Cached:         12039204 kB
SwapCached:            0 kB
Active:         15285360 kB
Inactive:        8915500 kB
Active(anon):    8575220 kB
Inactive(anon):   653156 kB
Active(file):    6710140 kB
Inactive(file):  8262344 kB
Unevictable:          64 kB
Mlocked:              64 kB
SwapTotal:       1998844 kB
SwapFree:        1998844 kB
Dirty:             14476 kB
Writeback:             0 kB
AnonPages:       9038432 kB
Mapped:          1633616 kB
Shmem:            682304 kB
KReclaimable:     598332 kB
Slab:             883804 kB
SReclaimable:     598332 kB
SUnreclaim:       285472 kB
KernelStack:       30080 kB
PageTables:        95368 kB
NFS_Unstable:          0 kB
Bounce:                0 kB
WritebackTmp:          0 kB
CommitLimit:    18415512 kB
Committed_AS:   27226340 kB
VmallocTotal:   34359738367 kB
VmallocUsed:       69564 kB
VmallocChunk:          0 kB
Percpu:             9632 kB
HardwareCorrupted:     0 kB
AnonHugePages:         0 kB
ShmemHugePages:        0 kB
ShmemPmdMapped:        0 kB
FileHugePages:         0 kB
FilePmdMapped:         0 kB
CmaTotal:              0 kB
CmaFree:               0 kB
HugePages_Total:       0
HugePages_Free:        0
HugePages_Rsvd:        0
HugePages_Surp:        0
Hugepagesize:       2048 kB
Hugetlb:               0 kB
DirectMap4k:     1788860 kB
DirectMap2M:    31711232 kB


/proc/sys/kernel/threads-max (system-wide limit on the number of threads):
256070


/proc/sys/vm/max_map_count (maximum number of memory map areas a process may have):
65530


/proc/sys/kernel/pid_max (system-wide limit on number of process identifiers):
4194304



container (cgroup) information:
container_type: cgroupv1
cpu_cpuset_cpus: 0-7
cpu_memory_nodes: 0
active_processor_count: 8
cpu_quota: no quota
cpu_period: 100000
cpu_shares: no shares
memory_limit_in_bytes: unlimited
memory_and_swap_limit_in_bytes: not supported
memory_soft_limit_in_bytes: unlimited
memory_usage_in_bytes: 17750749184
memory_max_usage_in_bytes: 18276990976

Steal ticks since vm start: 0
Steal ticks percentage since vm start:  0,000

CPU:total 8 (initial active 8) (4 cores per cpu, 2 threads per core) family 6 model 42 stepping 7, cmov, cx8, fxsr, mmx, sse, sse2, sse3, ssse3, sse4.1, sse4.2, popcnt, avx, aes, clmul, ht, tsc, tscinvbit
CPU Model and flags from /proc/cpuinfo:
model name	: Intel(R) Core(TM) i7-2700K CPU @ 3.50GHz
flags		: fpu vme de pse tsc msr pae mce cx8 apic sep mtrr pge mca cmov pat pse36 clflush dts acpi mmx fxsr sse sse2 ht tm pbe syscall nx rdtscp lm constant_tsc arch_perfmon pebs bts rep_good nopl xtopology nonstop_tsc cpuid aperfmperf pni pclmulqdq dtes64 monitor ds_cpl vmx est tm2 ssse3 cx16 xtpr pdcm pcid sse4_1 sse4_2 popcnt tsc_deadline_timer aes xsave avx lahf_lm epb pti ssbd ibrs ibpb stibp tpr_shadow vnmi flexpriority ept vpid xsaveopt dtherm ida arat pln pts md_clear flush_l1d

Memory: 4k page, physical 32833336k(7405932k free), swap 1998844k(1998844k free)

vm_info: OpenJDK 64-Bit Server VM (14.0.2+12-46) for linux-amd64 JRE (14.0.2+12-46), built on Jul  8 2020 23:30:21 by "mach5one" with gcc 8.3.0

END.
